#
# A fatal error has been detected by the Java Runtime Environment:
#
#  SIGFPE (0x8) at pc=0x00007f514fdfe6a9, pid=3516, tid=139987875780352
#
# JRE version: OpenJDK Runtime Environment (7.0_95) (build 1.7.0_95-b00)
# Java VM: OpenJDK 64-Bit Server VM (24.95-b01 mixed mode linux-amd64 compressed oops)
# Derivative: IcedTea 2.6.4
# Distribution: Ubuntu 14.04 LTS, package 7u95-2.6.4-0ubuntu0.14.04.2
# Problematic frame:
# C  [libCatchThrow.so+0x6a9]  Java_CatchThrow_doit+0x24
#
# Failed to write core dump. Core dumps have been disabled. To enable core dumping, try "ulimit -c unlimited" before starting Java again
#
# If you would like to submit a bug report, please include
# instructions on how to reproduce the bug and visit:
#   http://icedtea.classpath.org/bugzilla
# The crash happened outside the Java Virtual Machine in native code.
# See problematic frame for where to report the bug.
#

---------------  T H R E A D  ---------------

Current thread (0x00007f517000a000):  JavaThread "main" [_thread_in_native, id=3517, stack(0x00007f51778bd000,0x00007f51779be000)]

siginfo:si_signo=SIGFPE: si_errno=0, si_code=1 (FPE_INTDIV), si_addr=0x00007f514fdfe6a9

Registers:
RAX=0x0000000000000002, RBX=0x0000000000000000, RCX=0x00007f5176b8cf48, RDX=0x0000000000000000
RSP=0x00007f51779bc8e0, RBP=0x00007f51779bc920, RSI=0x00007f51779bc9a0, RDI=0x00007f517000a1d8
R8 =0x00007f517008e360, R9 =0x00007f5174228eea, R10=0x00007f516d012d4c, R11=0x00007f5176602eb0
R12=0x0000000000000000, R13=0x00000000f5cab6e0, R14=0x00007f51779bc9a0, R15=0x00007f517000a000
RIP=0x00007f514fdfe6a9, EFLAGS=0x0000000000010202, CSGSFS=0x0000000000000033, ERR=0x0000000000000000
  TRAPNO=0x0000000000000000

Top of Stack: (sp=0x00007f51779bc8e0)
0x00007f51779bc8e0:   00007f51779bc9a0 00007f517000a1d8
0x00007f51779bc8f0:   0000000000000005 0000000000000000
0x00007f51779bc900:   00000000f5cab6e0 00007f51779bc9a0
0x00007f51779bc910:   00007f51779bc980 00000000f5cab6e8
0x00007f51779bc920:   00007f51779bc980 00007f516d012d78
0x00007f51779bc930:   00007f51fffffffe 0000000000000000
0x00007f51779bc940:   00007f51779bc940 00000000f5cab6e0
0x00007f51779bc950:   00007f51779bc9a0 00000000f5cabca8
0x00007f51779bc960:   0000000000000000 00000000f5cab6e8
0x00007f51779bc970:   0000000000000000 00007f51779bc9a0
0x00007f51779bc980:   00007f51779bc9e8 00007f516d006058
0x00007f51779bc990:   0000000000000000 00007f516d00ecb8
0x00007f51779bc9a0:   00000000d6851180 00007f51779bc9a8
0x00007f51779bc9b0:   00000000f5cab8c3 00007f51779bca08
0x00007f51779bc9c0:   00000000f5cabca8 0000000000000000
0x00007f51779bc9d0:   00000000f5cab900 00007f51779bc9a0
0x00007f51779bc9e0:   00007f51779bca08 00007f51779bca70
0x00007f51779bc9f0:   00007f516d0004e7 0000000000000000
0x00007f51779bca00:   00000000d6851180 00000000d684f620
0x00007f51779bca10:   00007f5100001fa0 00007f51779bcab0
0x00007f51779bca20:   00007f51779bccf0 00007f51779bcc30
0x00007f51779bca30:   00007f517000a000 00007f517000a9f0
0x00007f51779bca40:   00007f51779bcaf0 00007f51779bccf8
0x00007f51779bca50:   00007f510000000a 00000000f5cab900
0x00007f51779bca60:   00007f516d010340 00007f51779bcc38
0x00007f51779bca70:   00007f51779bcb60 00007f517638ac89
0x00007f51779bca80:   00007f5100000001 00007f517000a000
0x00007f51779bca90:   00007f517000a9e0 00007f51779bcaf0
0x00007f51779bcaa0:   00007f516d010340 000000000000000a
0x00007f51779bcab0:   00007f517000a000 00007f5170007430
0x00007f51779bcac0:   00007f517000a9e0 00007f517000a9f8
0x00007f51779bcad0:   00007f517000adc8 00000000000003d8 

Instructions: (pc=0x00007f514fdfe6a9)
0x00007f514fdfe689:   53 48 83 ec 38 48 89 7d c8 48 89 75 c0 c7 45 d0
0x00007f514fdfe699:   05 00 00 00 8b 45 d0 8d 58 fb b8 02 00 00 00 99
0x00007f514fdfe6a9:   f7 fb 89 45 d4 48 8b 45 c8 48 8b 00 48 8b 80 f8
0x00007f514fdfe6b9:   00 00 00 48 8b 4d c0 48 8b 55 c8 48 89 ce 48 89 

Register to memory mapping:

RAX=0x0000000000000002 is an unknown value
RBX=0x0000000000000000 is an unknown value
RCX=0x00007f5176b8cf48: <offset 0xdeff48> in /usr/lib/jvm/java-7-openjdk-amd64/jre/lib/amd64/server/libjvm.so at 0x00007f5175d9d000
RDX=0x0000000000000000 is an unknown value
RSP=0x00007f51779bc8e0 is pointing into the stack for thread: 0x00007f517000a000
RBP=0x00007f51779bc920 is pointing into the stack for thread: 0x00007f517000a000
RSI=0x00007f51779bc9a0 is pointing into the stack for thread: 0x00007f517000a000
RDI=0x00007f517000a1d8 is an unknown value
R8 =0x00007f517008e360 is an unknown value
R9 =0x00007f5174228eea is an unknown value
R10=0x00007f516d012d4c is at code_begin+620 in an Interpreter codelet
method entry point (kind = native)  [0x00007f516d012ae0, 0x00007f516d013320]  2112 bytes
R11=0x00007f5176602eb0: <offset 0x865eb0> in /usr/lib/jvm/java-7-openjdk-amd64/jre/lib/amd64/server/libjvm.so at 0x00007f5175d9d000
R12=0x0000000000000000 is an unknown value
R13=0x00000000f5cab6e0 is pointing into object: 0x00000000f5cab6a0
{constMethod} 
 - klass: {other class}
 - constants:       0x00000000f5cab268 constant pool [82] for 'CatchThrow' cache=0x00000000f5cabca8
R14=0x00007f51779bc9a0 is pointing into the stack for thread: 0x00007f517000a000
R15=0x00007f517000a000 is a thread


Stack: [0x00007f51778bd000,0x00007f51779be000],  sp=0x00007f51779bc8e0,  free space=1022k
Native frames: (J=compiled Java code, j=interpreted, Vv=VM code, C=native code)
C  [libCatchThrow.so+0x6a9]  Java_CatchThrow_doit+0x24
j  CatchThrow.doit()V+0
j  CatchThrow.main([Ljava/lang/String;)V+19
v  ~StubRoutines::call_stub
V  [libjvm.so+0x5edc89]
V  [libjvm.so+0x5ed728]
V  [libjvm.so+0x5fd04b]
V  [libjvm.so+0x60e0e8]
C  [libjli.so+0x31f9]

Java frames: (J=compiled Java code, j=interpreted, Vv=VM code)
j  CatchThrow.doit()V+0
j  CatchThrow.main([Ljava/lang/String;)V+19
v  ~StubRoutines::call_stub

---------------  P R O C E S S  ---------------

Java Threads: ( => current thread )
  0x00007f51700a6000 JavaThread "Service Thread" daemon [_thread_blocked, id=3524, stack(0x00007f516c167000,0x00007f516c268000)]
  0x00007f51700a3000 JavaThread "C2 CompilerThread1" daemon [_thread_blocked, id=3523, stack(0x00007f516c268000,0x00007f516c369000)]
  0x00007f51700a1000 JavaThread "C2 CompilerThread0" daemon [_thread_blocked, id=3522, stack(0x00007f516c369000,0x00007f516c46a000)]
  0x00007f517009f000 JavaThread "Signal Dispatcher" daemon [_thread_blocked, id=3521, stack(0x00007f516c46a000,0x00007f516c56b000)]
  0x00007f5170072000 JavaThread "Finalizer" daemon [_thread_blocked, id=3520, stack(0x00007f516cc4d000,0x00007f516cd4e000)]
  0x00007f5170070000 JavaThread "Reference Handler" daemon [_thread_blocked, id=3519, stack(0x00007f516cd4e000,0x00007f516ce4f000)]
=>0x00007f517000a000 JavaThread "main" [_thread_in_native, id=3517, stack(0x00007f51778bd000,0x00007f51779be000)]

Other Threads:
  0x00007f517006b800 VMThread [stack: 0x00007f5174065000,0x00007f5174166000] [id=3518]
  0x00007f51700b1000 WatcherThread [stack: 0x00007f516c066000,0x00007f516c167000] [id=3525]

VM state:not at safepoint (normal execution)

VM Mutex/Monitor currently owned by a thread: None

Heap
 def new generation   total 4800K, used 343K [0x00000000d6800000, 0x00000000d6d30000, 0x00000000e0e00000)
  eden space 4288K,   8% used [0x00000000d6800000, 0x00000000d6855f38, 0x00000000d6c30000)
  from space 512K,   0% used [0x00000000d6c30000, 0x00000000d6c30000, 0x00000000d6cb0000)
  to   space 512K,   0% used [0x00000000d6cb0000, 0x00000000d6cb0000, 0x00000000d6d30000)
 tenured generation   total 10624K, used 0K [0x00000000e0e00000, 0x00000000e1860000, 0x00000000f5a00000)
   the space 10624K,   0% used [0x00000000e0e00000, 0x00000000e0e00000, 0x00000000e0e00200, 0x00000000e1860000)
 compacting perm gen  total 21248K, used 2741K [0x00000000f5a00000, 0x00000000f6ec0000, 0x0000000100000000)
   the space 21248K,  12% used [0x00000000f5a00000, 0x00000000f5cad558, 0x00000000f5cad600, 0x00000000f6ec0000)
No shared spaces configured.

Card table byte_map: [0x00007f51743a3000,0x00007f51744f0000] byte_map_base: 0x00007f5173cef000

Polling page: 0x00007f51779d9000

Code Cache  [0x00007f516d000000, 0x00007f516d270000, 0x00007f5170000000)
 total_blobs=166 nmethods=0 adapters=135 free_code_cache=48774Kb largest_free_block=49944640

Compilation events (0 events):
No events

GC Heap History (0 events):
No events

Deoptimization events (0 events):
No events

Internal exceptions (6 events):
Event: 0.064 Thread 0x00007f517000a000 Threw 0x00000000d680f268 at /build/openjdk-7-HVzwJZ/openjdk-7-7u95-2.6.4/build/openjdk/hotspot/src/share/vm/prims/jni.cpp:4027
Event: 0.101 Thread 0x00007f517000a000 Threw 0x00000000d68431e8 at /build/openjdk-7-HVzwJZ/openjdk-7-7u95-2.6.4/build/openjdk/hotspot/src/share/vm/prims/jni.cpp:721
Event: 0.101 Thread 0x00007f517000a000 Threw 0x00000000d6843368 at /build/openjdk-7-HVzwJZ/openjdk-7-7u95-2.6.4/build/openjdk/hotspot/src/share/vm/prims/jvm.cpp:1322
Event: 0.101 Thread 0x00007f517000a000 Threw 0x00000000d6843490 at /build/openjdk-7-HVzwJZ/openjdk-7-7u95-2.6.4/build/openjdk/hotspot/src/share/vm/prims/jvm.cpp:1322
Event: 0.102 Thread 0x00007f517000a000 Threw 0x00000000d6849668 at /build/openjdk-7-HVzwJZ/openjdk-7-7u95-2.6.4/build/openjdk/hotspot/src/share/vm/prims/jvm.cpp:1322
Event: 0.106 Thread 0x00007f517000a000 Threw 0x00000000d684ff60 at /build/openjdk-7-HVzwJZ/openjdk-7-7u95-2.6.4/build/openjdk/hotspot/src/share/vm/prims/jvm.cpp:1322

Events (10 events):
Event: 0.105 loading class 0x00007f51700b51d0
Event: 0.105 loading class 0x00007f51700b51d0 done
Event: 0.105 loading class 0x00007f5174251420
Event: 0.105 loading class 0x00007f5174251420 done
Event: 0.106 loading class 0x00007f5174235220
Event: 0.106 loading class 0x00007f5174235220 done
Event: 0.106 loading class 0x00007f5174235d10
Event: 0.106 loading class 0x00007f5174235d10 done
Event: 0.106 loading class 0x00007f51700bc700
Event: 0.106 loading class 0x00007f51700bc700 done


Dynamic libraries:
00400000-00401000 r-xp 00000000 08:01 806747                             /usr/lib/jvm/java-7-openjdk-amd64/jre/bin/java
00600000-00601000 r--p 00000000 08:01 806747                             /usr/lib/jvm/java-7-openjdk-amd64/jre/bin/java
00601000-00602000 rw-p 00001000 08:01 806747                             /usr/lib/jvm/java-7-openjdk-amd64/jre/bin/java
0105e000-0107f000 rw-p 00000000 00:00 0                                  [heap]
d6800000-d6d30000 rw-p 00000000 00:00 0 
d6d30000-e0e00000 rw-p 00000000 00:00 0 
e0e00000-e1860000 rw-p 00000000 00:00 0 
e1860000-f5a00000 rw-p 00000000 00:00 0 
f5a00000-f6ec0000 rw-p 00000000 00:00 0 
f6ec0000-100000000 rw-p 00000000 00:00 0 
7f514fdfe000-7f514fdff000 r-xp 00000000 08:01 1351484                    /home/wsh/JNI/Exceptions/libCatchThrow.so
7f514fdff000-7f514fffe000 ---p 00001000 08:01 1351484                    /home/wsh/JNI/Exceptions/libCatchThrow.so
7f514fffe000-7f514ffff000 r--p 00000000 08:01 1351484                    /home/wsh/JNI/Exceptions/libCatchThrow.so
7f514ffff000-7f5150000000 rw-p 00001000 08:01 1351484                    /home/wsh/JNI/Exceptions/libCatchThrow.so
7f5150000000-7f5150021000 rw-p 00000000 00:00 0 
7f5150021000-7f5154000000 ---p 00000000 00:00 0 
7f5154000000-7f5154021000 rw-p 00000000 00:00 0 
7f5154021000-7f5158000000 ---p 00000000 00:00 0 
7f5158000000-7f5158021000 rw-p 00000000 00:00 0 
7f5158021000-7f515c000000 ---p 00000000 00:00 0 
7f515c000000-7f515c021000 rw-p 00000000 00:00 0 
7f515c021000-7f5160000000 ---p 00000000 00:00 0 
7f5160000000-7f5160021000 rw-p 00000000 00:00 0 
7f5160021000-7f5164000000 ---p 00000000 00:00 0 
7f5164000000-7f5164021000 rw-p 00000000 00:00 0 
7f5164021000-7f5168000000 ---p 00000000 00:00 0 
7f5168000000-7f5168021000 rw-p 00000000 00:00 0 
7f5168021000-7f516c000000 ---p 00000000 00:00 0 
7f516c066000-7f516c067000 ---p 00000000 00:00 0 
7f516c067000-7f516c167000 rw-p 00000000 00:00 0                          [stack:3525]
7f516c167000-7f516c16a000 ---p 00000000 00:00 0 
7f516c16a000-7f516c268000 rw-p 00000000 00:00 0                          [stack:3524]
7f516c268000-7f516c26b000 ---p 00000000 00:00 0 
7f516c26b000-7f516c369000 rw-p 00000000 00:00 0                          [stack:3523]
7f516c369000-7f516c36c000 ---p 00000000 00:00 0 
7f516c36c000-7f516c46a000 rw-p 00000000 00:00 0                          [stack:3522]
7f516c46a000-7f516c46d000 ---p 00000000 00:00 0 
7f516c46d000-7f516c56b000 rw-p 00000000 00:00 0                          [stack:3521]
7f516c56b000-7f516cc4d000 r--p 00000000 08:01 794747                     /usr/lib/locale/locale-archive
7f516cc4d000-7f516cc50000 ---p 00000000 00:00 0 
7f516cc50000-7f516cd4e000 rw-p 00000000 00:00 0                          [stack:3520]
7f516cd4e000-7f516cd51000 ---p 00000000 00:00 0 
7f516cd51000-7f516ce4f000 rw-p 00000000 00:00 0                          [stack:3519]
7f516ce4f000-7f516d000000 r--s 01d30000 08:01 806964                     /usr/lib/jvm/java-7-openjdk-amd64/jre/lib/rt.jar
7f516d000000-7f516d270000 rwxp 00000000 00:00 0 
7f516d270000-7f51700fe000 rw-p 00000000 00:00 0 
7f51700fe000-7f5174000000 ---p 00000000 00:00 0 
7f5174065000-7f5174066000 ---p 00000000 00:00 0 
7f5174066000-7f51742b3000 rw-p 00000000 00:00 0                          [stack:3518]
7f51742b3000-7f51742fc000 rw-p 00000000 00:00 0 
7f51742fc000-7f5174302000 rw-p 00000000 00:00 0 
7f5174302000-7f51743a3000 rw-p 00000000 00:00 0 
7f51743a3000-7f51743a6000 rw-p 00000000 00:00 0 
7f51743a6000-7f51743f6000 rw-p 00000000 00:00 0 
7f51743f6000-7f51743fc000 rw-p 00000000 00:00 0 
7f51743fc000-7f517449c000 rw-p 00000000 00:00 0 
7f517449c000-7f51744a7000 rw-p 00000000 00:00 0 
7f51744a7000-7f51744ef000 rw-p 00000000 00:00 0 
7f51744ef000-7f51744f0000 rw-p 00000000 00:00 0 
7f51744f0000-7f51744f8000 r-xp 00000000 08:01 806935                     /usr/lib/jvm/java-7-openjdk-amd64/jre/lib/amd64/libzip.so
7f51744f8000-7f51746f7000 ---p 00008000 08:01 806935                     /usr/lib/jvm/java-7-openjdk-amd64/jre/lib/amd64/libzip.so
7f51746f7000-7f51746f8000 r--p 00007000 08:01 806935                     /usr/lib/jvm/java-7-openjdk-amd64/jre/lib/amd64/libzip.so
7f51746f8000-7f51746f9000 rw-p 00008000 08:01 806935                     /usr/lib/jvm/java-7-openjdk-amd64/jre/lib/amd64/libzip.so
7f51746f9000-7f5174704000 r-xp 00000000 08:01 1315460                    /lib/x86_64-linux-gnu/libnss_files-2.19.so
7f5174704000-7f5174903000 ---p 0000b000 08:01 1315460                    /lib/x86_64-linux-gnu/libnss_files-2.19.so
7f5174903000-7f5174904000 r--p 0000a000 08:01 1315460                    /lib/x86_64-linux-gnu/libnss_files-2.19.so
7f5174904000-7f5174905000 rw-p 0000b000 08:01 1315460                    /lib/x86_64-linux-gnu/libnss_files-2.19.so
7f5174905000-7f5174910000 r-xp 00000000 08:01 1315470                    /lib/x86_64-linux-gnu/libnss_nis-2.19.so
7f5174910000-7f5174b0f000 ---p 0000b000 08:01 1315470                    /lib/x86_64-linux-gnu/libnss_nis-2.19.so
7f5174b0f000-7f5174b10000 r--p 0000a000 08:01 1315470                    /lib/x86_64-linux-gnu/libnss_nis-2.19.so
7f5174b10000-7f5174b11000 rw-p 0000b000 08:01 1315470                    /lib/x86_64-linux-gnu/libnss_nis-2.19.so
7f5174b11000-7f5174b28000 r-xp 00000000 08:01 1315454                    /lib/x86_64-linux-gnu/libnsl-2.19.so
7f5174b28000-7f5174d27000 ---p 00017000 08:01 1315454                    /lib/x86_64-linux-gnu/libnsl-2.19.so
7f5174d27000-7f5174d28000 r--p 00016000 08:01 1315454                    /lib/x86_64-linux-gnu/libnsl-2.19.so
7f5174d28000-7f5174d29000 rw-p 00017000 08:01 1315454                    /lib/x86_64-linux-gnu/libnsl-2.19.so
7f5174d29000-7f5174d2b000 rw-p 00000000 00:00 0 
7f5174d2b000-7f5174d34000 r-xp 00000000 08:01 1315456                    /lib/x86_64-linux-gnu/libnss_compat-2.19.so
7f5174d34000-7f5174f33000 ---p 00009000 08:01 1315456                    /lib/x86_64-linux-gnu/libnss_compat-2.19.so
7f5174f33000-7f5174f34000 r--p 00008000 08:01 1315456                    /lib/x86_64-linux-gnu/libnss_compat-2.19.so
7f5174f34000-7f5174f35000 rw-p 00009000 08:01 1315456                    /lib/x86_64-linux-gnu/libnss_compat-2.19.so
7f5174f35000-7f5174f60000 r-xp 00000000 08:01 806921                     /usr/lib/jvm/java-7-openjdk-amd64/jre/lib/amd64/libjava.so
7f5174f60000-7f5175160000 ---p 0002b000 08:01 806921                     /usr/lib/jvm/java-7-openjdk-amd64/jre/lib/amd64/libjava.so
7f5175160000-7f5175161000 r--p 0002b000 08:01 806921                     /usr/lib/jvm/java-7-openjdk-amd64/jre/lib/amd64/libjava.so
7f5175161000-7f5175163000 rw-p 0002c000 08:01 806921                     /usr/lib/jvm/java-7-openjdk-amd64/jre/lib/amd64/libjava.so
7f5175163000-7f5175173000 r-xp 00000000 08:01 806922                     /usr/lib/jvm/java-7-openjdk-amd64/jre/lib/amd64/libverify.so
7f5175173000-7f5175372000 ---p 00010000 08:01 806922                     /usr/lib/jvm/java-7-openjdk-amd64/jre/lib/amd64/libverify.so
7f5175372000-7f5175374000 r--p 0000f000 08:01 806922                     /usr/lib/jvm/java-7-openjdk-amd64/jre/lib/amd64/libverify.so
7f5175374000-7f5175375000 rw-p 00011000 08:01 806922                     /usr/lib/jvm/java-7-openjdk-amd64/jre/lib/amd64/libverify.so
7f5175375000-7f517537c000 r-xp 00000000 08:01 1315513                    /lib/x86_64-linux-gnu/librt-2.19.so
7f517537c000-7f517557b000 ---p 00007000 08:01 1315513                    /lib/x86_64-linux-gnu/librt-2.19.so
7f517557b000-7f517557c000 r--p 00006000 08:01 1315513                    /lib/x86_64-linux-gnu/librt-2.19.so
7f517557c000-7f517557d000 rw-p 00007000 08:01 1315513                    /lib/x86_64-linux-gnu/librt-2.19.so
7f517557d000-7f5175593000 r-xp 00000000 08:01 1315412                    /lib/x86_64-linux-gnu/libgcc_s.so.1
7f5175593000-7f5175792000 ---p 00016000 08:01 1315412                    /lib/x86_64-linux-gnu/libgcc_s.so.1
7f5175792000-7f5175793000 rw-p 00015000 08:01 1315412                    /lib/x86_64-linux-gnu/libgcc_s.so.1
7f5175793000-7f5175898000 r-xp 00000000 08:01 1315435                    /lib/x86_64-linux-gnu/libm-2.19.so
7f5175898000-7f5175a97000 ---p 00105000 08:01 1315435                    /lib/x86_64-linux-gnu/libm-2.19.so
7f5175a97000-7f5175a98000 r--p 00104000 08:01 1315435                    /lib/x86_64-linux-gnu/libm-2.19.so
7f5175a98000-7f5175a99000 rw-p 00105000 08:01 1315435                    /lib/x86_64-linux-gnu/libm-2.19.so
7f5175a99000-7f5175b7f000 r-xp 00000000 08:01 786702                     /usr/lib/x86_64-linux-gnu/libstdc++.so.6.0.19
7f5175b7f000-7f5175d7e000 ---p 000e6000 08:01 786702                     /usr/lib/x86_64-linux-gnu/libstdc++.so.6.0.19
7f5175d7e000-7f5175d86000 r--p 000e5000 08:01 786702                     /usr/lib/x86_64-linux-gnu/libstdc++.so.6.0.19
7f5175d86000-7f5175d88000 rw-p 000ed000 08:01 786702                     /usr/lib/x86_64-linux-gnu/libstdc++.so.6.0.19
7f5175d88000-7f5175d9d000 rw-p 00000000 00:00 0 
7f5175d9d000-7f51768c1000 r-xp 00000000 08:01 806933                     /usr/lib/jvm/java-7-openjdk-amd64/jre/lib/amd64/server/libjvm.so
7f51768c1000-7f5176ac1000 ---p 00b24000 08:01 806933                     /usr/lib/jvm/java-7-openjdk-amd64/jre/lib/amd64/server/libjvm.so
7f5176ac1000-7f5176b5b000 r--p 00b24000 08:01 806933                     /usr/lib/jvm/java-7-openjdk-amd64/jre/lib/amd64/server/libjvm.so
7f5176b5b000-7f5176b7e000 rw-p 00bbe000 08:01 806933                     /usr/lib/jvm/java-7-openjdk-amd64/jre/lib/amd64/server/libjvm.so
7f5176b7e000-7f5176bac000 rw-p 00000000 00:00 0 
7f5176bac000-7f5176bc4000 r-xp 00000000 08:01 1315548                    /lib/x86_64-linux-gnu/libz.so.1.2.8
7f5176bc4000-7f5176dc3000 ---p 00018000 08:01 1315548                    /lib/x86_64-linux-gnu/libz.so.1.2.8
7f5176dc3000-7f5176dc4000 r--p 00017000 08:01 1315548                    /lib/x86_64-linux-gnu/libz.so.1.2.8
7f5176dc4000-7f5176dc5000 rw-p 00018000 08:01 1315548                    /lib/x86_64-linux-gnu/libz.so.1.2.8
7f5176dc5000-7f5176dde000 r-xp 00000000 08:01 1315505                    /lib/x86_64-linux-gnu/libpthread-2.19.so
7f5176dde000-7f5176fdd000 ---p 00019000 08:01 1315505                    /lib/x86_64-linux-gnu/libpthread-2.19.so
7f5176fdd000-7f5176fde000 r--p 00018000 08:01 1315505                    /lib/x86_64-linux-gnu/libpthread-2.19.so
7f5176fde000-7f5176fdf000 rw-p 00019000 08:01 1315505                    /lib/x86_64-linux-gnu/libpthread-2.19.so
7f5176fdf000-7f5176fe3000 rw-p 00000000 00:00 0 
7f5176fe3000-7f5176fe6000 r-xp 00000000 08:01 1315402                    /lib/x86_64-linux-gnu/libdl-2.19.so
7f5176fe6000-7f51771e5000 ---p 00003000 08:01 1315402                    /lib/x86_64-linux-gnu/libdl-2.19.so
7f51771e5000-7f51771e6000 r--p 00002000 08:01 1315402                    /lib/x86_64-linux-gnu/libdl-2.19.so
7f51771e6000-7f51771e7000 rw-p 00003000 08:01 1315402                    /lib/x86_64-linux-gnu/libdl-2.19.so
7f51771e7000-7f51773a2000 r-xp 00000000 08:01 1315385                    /lib/x86_64-linux-gnu/libc-2.19.so
7f51773a2000-7f51775a1000 ---p 001bb000 08:01 1315385                    /lib/x86_64-linux-gnu/libc-2.19.so
7f51775a1000-7f51775a5000 r--p 001ba000 08:01 1315385                    /lib/x86_64-linux-gnu/libc-2.19.so
7f51775a5000-7f51775a7000 rw-p 001be000 08:01 1315385                    /lib/x86_64-linux-gnu/libc-2.19.so
7f51775a7000-7f51775ac000 rw-p 00000000 00:00 0 
7f51775ac000-7f51775b9000 r-xp 00000000 08:01 806948                     /usr/lib/jvm/java-7-openjdk-amd64/jre/lib/amd64/jli/libjli.so
7f51775b9000-7f51777b8000 ---p 0000d000 08:01 806948                     /usr/lib/jvm/java-7-openjdk-amd64/jre/lib/amd64/jli/libjli.so
7f51777b8000-7f51777b9000 r--p 0000c000 08:01 806948                     /usr/lib/jvm/java-7-openjdk-amd64/jre/lib/amd64/jli/libjli.so
7f51777b9000-7f51777ba000 rw-p 0000d000 08:01 806948                     /usr/lib/jvm/java-7-openjdk-amd64/jre/lib/amd64/jli/libjli.so
7f51777ba000-7f51777dd000 r-xp 00000000 08:01 1315361                    /lib/x86_64-linux-gnu/ld-2.19.so
7f51777f4000-7f51777f5000 rw-p 00000000 00:00 0 
7f51777f5000-7f51777f9000 r--s 00034000 08:01 806976                     /usr/lib/jvm/java-7-openjdk-amd64/jre/lib/ext/sunjce_provider.jar
7f51777f9000-7f51777fd000 r--s 0003c000 08:01 806979                     /usr/lib/jvm/java-7-openjdk-amd64/jre/lib/ext/sunpkcs11.jar
7f51777fd000-7f5177807000 rw-p 00000000 00:00 0 
7f5177807000-7f51778bd000 rw-p 00000000 00:00 0 
7f51778bd000-7f51778c0000 ---p 00000000 00:00 0 
7f51778c0000-7f51779c4000 rw-p 00000000 00:00 0                          [stack:3517]
7f51779c4000-7f51779c5000 r--s 00002000 08:01 806974                     /usr/lib/jvm/java-7-openjdk-amd64/jre/lib/ext/dnsns.jar
7f51779c5000-7f51779c8000 r--s 0000f000 08:01 806977                     /usr/lib/jvm/java-7-openjdk-amd64/jre/lib/ext/icedtea-sound.jar
7f51779c8000-7f51779cc000 r--s 00085000 08:01 806978                     /usr/lib/jvm/java-7-openjdk-amd64/jre/lib/ext/localedata.jar
7f51779cc000-7f51779ce000 r--s 00012000 08:01 806975                     /usr/lib/jvm/java-7-openjdk-amd64/jre/lib/ext/zipfs.jar
7f51779ce000-7f51779d0000 r--s 00006000 08:01 1071592                    /usr/share/java/java-atk-wrapper.jar
7f51779d0000-7f51779d8000 rw-s 00000000 08:01 655371                     /tmp/hsperfdata_wsh/3516
7f51779d8000-7f51779d9000 rw-p 00000000 00:00 0 
7f51779d9000-7f51779da000 r--p 00000000 00:00 0 
7f51779da000-7f51779dc000 rw-p 00000000 00:00 0 
7f51779dc000-7f51779dd000 r--p 00022000 08:01 1315361                    /lib/x86_64-linux-gnu/ld-2.19.so
7f51779dd000-7f51779de000 rw-p 00023000 08:01 1315361                    /lib/x86_64-linux-gnu/ld-2.19.so
7f51779de000-7f51779df000 rw-p 00000000 00:00 0 
7ffd0aa47000-7ffd0aa68000 rw-p 00000000 00:00 0                          [stack]
7ffd0abaf000-7ffd0abb1000 r--p 00000000 00:00 0                          [vvar]
7ffd0abb1000-7ffd0abb3000 r-xp 00000000 00:00 0                          [vdso]
ffffffffff600000-ffffffffff601000 r-xp 00000000 00:00 0                  [vsyscall]

VM Arguments:
java_command: CatchThrow
Launcher Type: SUN_STANDARD

Environment Variables:
PATH=/usr/local/sbin:/usr/local/bin:/usr/sbin:/usr/bin:/sbin:/bin:/usr/games:/usr/local/games
LD_LIBRARY_PATH=.
SHELL=/bin/bash
DISPLAY=:0

Signal Handlers:
SIGSEGV: [libjvm.so+0x9548f0], sa_mask[0]=0x7ffbfeff, sa_flags=0x10000004
SIGBUS: [libjvm.so+0x9548f0], sa_mask[0]=0x7ffbfeff, sa_flags=0x10000004
SIGFPE: [libjvm.so+0x7cb0b0], sa_mask[0]=0x7ffbfeff, sa_flags=0x10000004
SIGPIPE: [libjvm.so+0x7cb0b0], sa_mask[0]=0x7ffbfeff, sa_flags=0x10000004
SIGXFSZ: [libjvm.so+0x7cb0b0], sa_mask[0]=0x7ffbfeff, sa_flags=0x10000004
SIGILL: [libjvm.so+0x7cb0b0], sa_mask[0]=0x7ffbfeff, sa_flags=0x10000004
SIGUSR1: SIG_DFL, sa_mask[0]=0x00000000, sa_flags=0x00000000
SIGUSR2: [libjvm.so+0x7caf50], sa_mask[0]=0x00000000, sa_flags=0x10000004
SIGHUP: [libjvm.so+0x7cb130], sa_mask[0]=0x7ffbfeff, sa_flags=0x10000004
SIGINT: [libjvm.so+0x7cb130], sa_mask[0]=0x7ffbfeff, sa_flags=0x10000004
SIGTERM: [libjvm.so+0x7cb130], sa_mask[0]=0x7ffbfeff, sa_flags=0x10000004
SIGQUIT: [libjvm.so+0x7cb130], sa_mask[0]=0x7ffbfeff, sa_flags=0x10000004
SIGTRAP: SIG_DFL, sa_mask[0]=0x00000000, sa_flags=0x00000000


---------------  S Y S T E M  ---------------

OS:Ubuntu 14.04 (trusty)
uname:Linux 3.19.0-25-generic #26~14.04.1-Ubuntu SMP Fri Jul 24 21:16:20 UTC 2015 x86_64
libc:glibc 2.19 NPTL 2.19 
rlimit: STACK 8192k, CORE 0k, NPROC 3889, NOFILE 4096, AS infinity
load average:0.75 0.69 0.56

/proc/meminfo:
MemTotal:        1017052 kB
MemFree:          262288 kB
MemAvailable:     449260 kB
Buffers:           31484 kB
Cached:           264952 kB
SwapCached:        18324 kB
Active:           320716 kB
Inactive:         334392 kB
Active(anon):     108712 kB
Inactive(anon):   265356 kB
Active(file):     212004 kB
Inactive(file):    69036 kB
Unevictable:           0 kB
Mlocked:               0 kB
SwapTotal:        783356 kB
SwapFree:         624368 kB
Dirty:               264 kB
Writeback:             0 kB
AnonPages:        340964 kB
Mapped:            63956 kB
Shmem:             15344 kB
Slab:              54784 kB
SReclaimable:      37112 kB
SUnreclaim:        17672 kB
KernelStack:        5392 kB
PageTables:        25728 kB
NFS_Unstable:          0 kB
Bounce:                0 kB
WritebackTmp:          0 kB
CommitLimit:     1291880 kB
Committed_AS:    2823096 kB
VmallocTotal:   34359738367 kB
VmallocUsed:       23128 kB
VmallocChunk:   34359711672 kB
HardwareCorrupted:     0 kB
AnonHugePages:    194560 kB
CmaTotal:              0 kB
CmaFree:               0 kB
HugePages_Total:       0
HugePages_Free:        0
HugePages_Rsvd:        0
HugePages_Surp:        0
Hugepagesize:       2048 kB
DirectMap4k:       67520 kB
DirectMap2M:      980992 kB


CPU:total 1 (1 cores per cpu, 1 threads per core) family 6 model 58 stepping 9, cmov, cx8, fxsr, mmx, sse, sse2, sse3, ssse3, sse4.1, sse4.2, popcnt, avx, tsc, tscinvbit, tscinv

/proc/cpuinfo:
processor	: 0
vendor_id	: GenuineIntel
cpu family	: 6
model		: 58
model name	: Intel(R) Core(TM) i3-3220 CPU @ 3.30GHz
stepping	: 9
microcode	: 0x19
cpu MHz		: 3292.540
cache size	: 3072 KB
physical id	: 0
siblings	: 1
core id		: 0
cpu cores	: 1
apicid		: 0
initial apicid	: 0
fpu		: yes
fpu_exception	: yes
cpuid level	: 13
wp		: yes
flags		: fpu vme de pse tsc msr pae mce cx8 apic sep mtrr pge mca cmov pat pse36 clflush mmx fxsr sse sse2 syscall nx rdtscp lm constant_tsc rep_good nopl xtopology nonstop_tsc pni pclmulqdq monitor ssse3 cx16 sse4_1 sse4_2 popcnt xsave avx hypervisor lahf_lm
bugs		:
bogomips	: 6585.08
clflush size	: 64
cache_alignment	: 64
address sizes	: 36 bits physical, 48 bits virtual
power management:



Memory: 4k page, physical 1017052k(262288k free), swap 783356k(624368k free)

vm_info: OpenJDK 64-Bit Server VM (24.95-b01) for linux-amd64 JRE (1.7.0_95-b00), built on Mar 24 2016 06:13:32 by "buildd" with gcc 4.8.2

time: Wed May 18 17:26:36 2016
elapsed time: 0 seconds

