#
# A fatal error has been detected by the Java Runtime Environment:
#
#  SIGFPE (0x8) at pc=0x00007f5c340dc6a9, pid=2638, tid=140034065630976
#
# JRE version: OpenJDK Runtime Environment (7.0_95) (build 1.7.0_95-b00)
# Java VM: OpenJDK 64-Bit Server VM (24.95-b01 mixed mode linux-amd64 compressed oops)
# Derivative: IcedTea 2.6.4
# Distribution: Ubuntu 14.04 LTS, package 7u95-2.6.4-0ubuntu0.14.04.2
# Problematic frame:
# C  [libCatchThrow.so+0x6a9]  Java_CatchThrow_doit+0x24
#
# Failed to write core dump. Core dumps have been disabled. To enable core dumping, try "ulimit -c unlimited" before starting Java again
#
# If you would like to submit a bug report, please include
# instructions on how to reproduce the bug and visit:
#   http://icedtea.classpath.org/bugzilla
# The crash happened outside the Java Virtual Machine in native code.
# See problematic frame for where to report the bug.
#

---------------  T H R E A D  ---------------

Current thread (0x00007f5c3000a000):  JavaThread "main" [_thread_in_native, id=2639, stack(0x00007f5c38ad0000,0x00007f5c38bd1000)]

siginfo:si_signo=SIGFPE: si_errno=0, si_code=1 (FPE_INTDIV), si_addr=0x00007f5c340dc6a9

Registers:
RAX=0x0000000000000002, RBX=0x0000000000000000, RCX=0x00007f5c37d9ff48, RDX=0x0000000000000000
RSP=0x00007f5c38bcf8e0, RBP=0x00007f5c38bcf920, RSI=0x00007f5c38bcf9a0, RDI=0x00007f5c3000a1d8
R8 =0x00007f5c3008e360, R9 =0x00007f5c3543beea, R10=0x00007f5c2d012d4c, R11=0x00007f5c37815eb0
R12=0x0000000000000000, R13=0x00000000f5cab668, R14=0x00007f5c38bcf9a0, R15=0x00007f5c3000a000
RIP=0x00007f5c340dc6a9, EFLAGS=0x0000000000010202, CSGSFS=0x0000000000000033, ERR=0x0000000000000000
  TRAPNO=0x0000000000000000

Top of Stack: (sp=0x00007f5c38bcf8e0)
0x00007f5c38bcf8e0:   00007f5c38bcf9a0 00007f5c3000a1d8
0x00007f5c38bcf8f0:   0000000000000005 0000000000000000
0x00007f5c38bcf900:   00000000f5cab668 00007f5c38bcf9a0
0x00007f5c38bcf910:   00007f5c38bcf980 00000000f5cab670
0x00007f5c38bcf920:   00007f5c38bcf980 00007f5c2d012d78
0x00007f5c38bcf930:   00007f5cfffffffe 0000000000000000
0x00007f5c38bcf940:   00007f5c38bcf940 00000000f5cab668
0x00007f5c38bcf950:   00007f5c38bcf9a0 00000000f5cabc00
0x00007f5c38bcf960:   0000000000000000 00000000f5cab670
0x00007f5c38bcf970:   0000000000000000 00007f5c38bcf9a0
0x00007f5c38bcf980:   00007f5c38bcf9e8 00007f5c2d006058
0x00007f5c38bcf990:   0000000000000000 00007f5c2d00ecb8
0x00007f5c38bcf9a0:   00000000d684f200 00007f5c38bcf9a8
0x00007f5c38bcf9b0:   00000000f5cab841 00007f5c38bcfa08
0x00007f5c38bcf9c0:   00000000f5cabc00 0000000000000000
0x00007f5c38bcf9d0:   00000000f5cab878 00007f5c38bcf9a0
0x00007f5c38bcf9e0:   00007f5c38bcfa08 00007f5c38bcfa70
0x00007f5c38bcf9f0:   00007f5c2d0004e7 0000000000000000
0x00007f5c38bcfa00:   00000000d684f200 00000000d684f1f0
0x00007f5c38bcfa10:   00007f5c00001fa0 00007f5c38bcfab0
0x00007f5c38bcfa20:   00007f5c38bcfcf0 00007f5c38bcfc30
0x00007f5c38bcfa30:   00007f5c3000a000 00007f5c3000a9f0
0x00007f5c38bcfa40:   00007f5c38bcfaf0 00007f5c38bcfcf8
0x00007f5c38bcfa50:   00007f5c0000000a 00000000f5cab878
0x00007f5c38bcfa60:   00007f5c2d010340 00007f5c38bcfc38
0x00007f5c38bcfa70:   00007f5c38bcfb60 00007f5c3759dc89
0x00007f5c38bcfa80:   00007f5c00000001 00007f5c3000a000
0x00007f5c38bcfa90:   00007f5c3000a9e0 00007f5c38bcfaf0
0x00007f5c38bcfaa0:   00007f5c2d010340 000000000000000a
0x00007f5c38bcfab0:   00007f5c3000a000 00007f5c30007430
0x00007f5c38bcfac0:   00007f5c3000a9e0 00007f5c3000a9f8
0x00007f5c38bcfad0:   00007f5c3000adc8 00000000000003d8 

Instructions: (pc=0x00007f5c340dc6a9)
0x00007f5c340dc689:   53 48 83 ec 38 48 89 7d c8 48 89 75 c0 c7 45 d0
0x00007f5c340dc699:   05 00 00 00 8b 45 d0 8d 58 fb b8 02 00 00 00 99
0x00007f5c340dc6a9:   f7 fb 89 45 d4 48 8b 45 c8 48 8b 00 48 8b 80 f8
0x00007f5c340dc6b9:   00 00 00 48 8b 4d c0 48 8b 55 c8 48 89 ce 48 89 

Register to memory mapping:

RAX=0x0000000000000002 is an unknown value
RBX=0x0000000000000000 is an unknown value
RCX=0x00007f5c37d9ff48: <offset 0xdeff48> in /usr/lib/jvm/java-7-openjdk-amd64/jre/lib/amd64/server/libjvm.so at 0x00007f5c36fb0000
RDX=0x0000000000000000 is an unknown value
RSP=0x00007f5c38bcf8e0 is pointing into the stack for thread: 0x00007f5c3000a000
RBP=0x00007f5c38bcf920 is pointing into the stack for thread: 0x00007f5c3000a000
RSI=0x00007f5c38bcf9a0 is pointing into the stack for thread: 0x00007f5c3000a000
RDI=0x00007f5c3000a1d8 is an unknown value
R8 =0x00007f5c3008e360 is an unknown value
R9 =0x00007f5c3543beea is an unknown value
R10=0x00007f5c2d012d4c is at code_begin+620 in an Interpreter codelet
method entry point (kind = native)  [0x00007f5c2d012ae0, 0x00007f5c2d013320]  2112 bytes
R11=0x00007f5c37815eb0: <offset 0x865eb0> in /usr/lib/jvm/java-7-openjdk-amd64/jre/lib/amd64/server/libjvm.so at 0x00007f5c36fb0000
R12=0x0000000000000000 is an unknown value
R13=0x00000000f5cab668 is pointing into object: 0x00000000f5cab628
{constMethod} 
 - klass: {other class}
 - constants:       0x00000000f5cab268 constant pool [69] for 'CatchThrow' cache=0x00000000f5cabc00
R14=0x00007f5c38bcf9a0 is pointing into the stack for thread: 0x00007f5c3000a000
R15=0x00007f5c3000a000 is a thread


Stack: [0x00007f5c38ad0000,0x00007f5c38bd1000],  sp=0x00007f5c38bcf8e0,  free space=1022k
Native frames: (J=compiled Java code, j=interpreted, Vv=VM code, C=native code)
C  [libCatchThrow.so+0x6a9]  Java_CatchThrow_doit+0x24
j  CatchThrow.doit()V+0
j  CatchThrow.main([Ljava/lang/String;)V+9
v  ~StubRoutines::call_stub
V  [libjvm.so+0x5edc89]
V  [libjvm.so+0x5ed728]
V  [libjvm.so+0x5fd04b]
V  [libjvm.so+0x60e0e8]
C  [libjli.so+0x31f9]

Java frames: (J=compiled Java code, j=interpreted, Vv=VM code)
j  CatchThrow.doit()V+0
j  CatchThrow.main([Ljava/lang/String;)V+9
v  ~StubRoutines::call_stub

---------------  P R O C E S S  ---------------

Java Threads: ( => current thread )
  0x00007f5c300a6000 JavaThread "Service Thread" daemon [_thread_blocked, id=2646, stack(0x00007f5c343df000,0x00007f5c344e0000)]
  0x00007f5c300a3000 JavaThread "C2 CompilerThread1" daemon [_thread_blocked, id=2645, stack(0x00007f5c344e0000,0x00007f5c345e1000)]
  0x00007f5c300a1000 JavaThread "C2 CompilerThread0" daemon [_thread_blocked, id=2644, stack(0x00007f5c345e1000,0x00007f5c346e2000)]
  0x00007f5c3009f000 JavaThread "Signal Dispatcher" daemon [_thread_blocked, id=2643, stack(0x00007f5c346e2000,0x00007f5c347e3000)]
  0x00007f5c30072000 JavaThread "Finalizer" daemon [_thread_blocked, id=2642, stack(0x00007f5c34ec5000,0x00007f5c34fc6000)]
  0x00007f5c30070000 JavaThread "Reference Handler" daemon [_thread_blocked, id=2641, stack(0x00007f5c34fc6000,0x00007f5c350c7000)]
=>0x00007f5c3000a000 JavaThread "main" [_thread_in_native, id=2639, stack(0x00007f5c38ad0000,0x00007f5c38bd1000)]

Other Threads:
  0x00007f5c3006b800 VMThread [stack: 0x00007f5c350c7000,0x00007f5c351c8000] [id=2640]
  0x00007f5c300b1000 WatcherThread [stack: 0x00007f5c342de000,0x00007f5c343df000] [id=2647]

VM state:not at safepoint (normal execution)

VM Mutex/Monitor currently owned by a thread: None

Heap
 def new generation   total 4800K, used 343K [0x00000000d6800000, 0x00000000d6d30000, 0x00000000e0e00000)
  eden space 4288K,   8% used [0x00000000d6800000, 0x00000000d6855f38, 0x00000000d6c30000)
  from space 512K,   0% used [0x00000000d6c30000, 0x00000000d6c30000, 0x00000000d6cb0000)
  to   space 512K,   0% used [0x00000000d6cb0000, 0x00000000d6cb0000, 0x00000000d6d30000)
 tenured generation   total 10624K, used 0K [0x00000000e0e00000, 0x00000000e1860000, 0x00000000f5a00000)
   the space 10624K,   0% used [0x00000000e0e00000, 0x00000000e0e00000, 0x00000000e0e00200, 0x00000000e1860000)
 compacting perm gen  total 21248K, used 2739K [0x00000000f5a00000, 0x00000000f6ec0000, 0x0000000100000000)
   the space 21248K,  12% used [0x00000000f5a00000, 0x00000000f5cace50, 0x00000000f5cad000, 0x00000000f6ec0000)
No shared spaces configured.

Card table byte_map: [0x00007f5c355b6000,0x00007f5c35703000] byte_map_base: 0x00007f5c34f02000

Polling page: 0x00007f5c38bec000

Code Cache  [0x00007f5c2d000000, 0x00007f5c2d270000, 0x00007f5c30000000)
 total_blobs=166 nmethods=0 adapters=135 free_code_cache=48774Kb largest_free_block=49944640

Compilation events (0 events):
No events

GC Heap History (0 events):
No events

Deoptimization events (0 events):
No events

Internal exceptions (5 events):
Event: 0.057 Thread 0x00007f5c3000a000 Threw 0x00000000d680f268 at /build/openjdk-7-HVzwJZ/openjdk-7-7u95-2.6.4/build/openjdk/hotspot/src/share/vm/prims/jni.cpp:4027
Event: 0.106 Thread 0x00007f5c3000a000 Threw 0x00000000d68431e8 at /build/openjdk-7-HVzwJZ/openjdk-7-7u95-2.6.4/build/openjdk/hotspot/src/share/vm/prims/jni.cpp:721
Event: 0.107 Thread 0x00007f5c3000a000 Threw 0x00000000d6843368 at /build/openjdk-7-HVzwJZ/openjdk-7-7u95-2.6.4/build/openjdk/hotspot/src/share/vm/prims/jvm.cpp:1322
Event: 0.107 Thread 0x00007f5c3000a000 Threw 0x00000000d6843490 at /build/openjdk-7-HVzwJZ/openjdk-7-7u95-2.6.4/build/openjdk/hotspot/src/share/vm/prims/jvm.cpp:1322
Event: 0.108 Thread 0x00007f5c3000a000 Threw 0x00000000d6849668 at /build/openjdk-7-HVzwJZ/openjdk-7-7u95-2.6.4/build/openjdk/hotspot/src/share/vm/prims/jvm.cpp:1322

Events (10 events):
Event: 0.111 loading class 0x00007f5c3544c3f0
Event: 0.111 loading class 0x00007f5c3544c3f0 done
Event: 0.111 loading class 0x00007f5c300b51d0
Event: 0.112 loading class 0x00007f5c300b51d0 done
Event: 0.112 loading class 0x00007f5c35464420
Event: 0.112 loading class 0x00007f5c35464420 done
Event: 0.112 loading class 0x00007f5c35448220
Event: 0.112 loading class 0x00007f5c35448220 done
Event: 0.112 loading class 0x00007f5c35448d10
Event: 0.113 loading class 0x00007f5c35448d10 done


Dynamic libraries:
00400000-00401000 r-xp 00000000 08:01 806747                             /usr/lib/jvm/java-7-openjdk-amd64/jre/bin/java
00600000-00601000 r--p 00000000 08:01 806747                             /usr/lib/jvm/java-7-openjdk-amd64/jre/bin/java
00601000-00602000 rw-p 00001000 08:01 806747                             /usr/lib/jvm/java-7-openjdk-amd64/jre/bin/java
0190a000-0192b000 rw-p 00000000 00:00 0                                  [heap]
d6800000-d6d30000 rw-p 00000000 00:00 0 
d6d30000-e0e00000 rw-p 00000000 00:00 0 
e0e00000-e1860000 rw-p 00000000 00:00 0 
e1860000-f5a00000 rw-p 00000000 00:00 0 
f5a00000-f6ec0000 rw-p 00000000 00:00 0 
f6ec0000-100000000 rw-p 00000000 00:00 0 
7f5c10000000-7f5c10021000 rw-p 00000000 00:00 0 
7f5c10021000-7f5c14000000 ---p 00000000 00:00 0 
7f5c14000000-7f5c14021000 rw-p 00000000 00:00 0 
7f5c14021000-7f5c18000000 ---p 00000000 00:00 0 
7f5c18000000-7f5c18021000 rw-p 00000000 00:00 0 
7f5c18021000-7f5c1c000000 ---p 00000000 00:00 0 
7f5c1c000000-7f5c1c021000 rw-p 00000000 00:00 0 
7f5c1c021000-7f5c20000000 ---p 00000000 00:00 0 
7f5c20000000-7f5c20021000 rw-p 00000000 00:00 0 
7f5c20021000-7f5c24000000 ---p 00000000 00:00 0 
7f5c24000000-7f5c24021000 rw-p 00000000 00:00 0 
7f5c24021000-7f5c28000000 ---p 00000000 00:00 0 
7f5c28000000-7f5c28021000 rw-p 00000000 00:00 0 
7f5c28021000-7f5c2c000000 ---p 00000000 00:00 0 
7f5c2d000000-7f5c2d270000 rwxp 00000000 00:00 0 
7f5c2d270000-7f5c300fe000 rw-p 00000000 00:00 0 
7f5c300fe000-7f5c34000000 ---p 00000000 00:00 0 
7f5c340dc000-7f5c340dd000 r-xp 00000000 08:01 1351484                    /home/wsh/JNI/Exceptions/libCatchThrow.so
7f5c340dd000-7f5c342dc000 ---p 00001000 08:01 1351484                    /home/wsh/JNI/Exceptions/libCatchThrow.so
7f5c342dc000-7f5c342dd000 r--p 00000000 08:01 1351484                    /home/wsh/JNI/Exceptions/libCatchThrow.so
7f5c342dd000-7f5c342de000 rw-p 00001000 08:01 1351484                    /home/wsh/JNI/Exceptions/libCatchThrow.so
7f5c342de000-7f5c342df000 ---p 00000000 00:00 0 
7f5c342df000-7f5c343df000 rw-p 00000000 00:00 0                          [stack:2647]
7f5c343df000-7f5c343e2000 ---p 00000000 00:00 0 
7f5c343e2000-7f5c344e0000 rw-p 00000000 00:00 0                          [stack:2646]
7f5c344e0000-7f5c344e3000 ---p 00000000 00:00 0 
7f5c344e3000-7f5c345e1000 rw-p 00000000 00:00 0                          [stack:2645]
7f5c345e1000-7f5c345e4000 ---p 00000000 00:00 0 
7f5c345e4000-7f5c346e2000 rw-p 00000000 00:00 0                          [stack:2644]
7f5c346e2000-7f5c346e5000 ---p 00000000 00:00 0 
7f5c346e5000-7f5c347e3000 rw-p 00000000 00:00 0                          [stack:2643]
7f5c347e3000-7f5c34ec5000 r--p 00000000 08:01 794747                     /usr/lib/locale/locale-archive
7f5c34ec5000-7f5c34ec8000 ---p 00000000 00:00 0 
7f5c34ec8000-7f5c34fc6000 rw-p 00000000 00:00 0                          [stack:2642]
7f5c34fc6000-7f5c34fc9000 ---p 00000000 00:00 0 
7f5c34fc9000-7f5c350c7000 rw-p 00000000 00:00 0                          [stack:2641]
7f5c350c7000-7f5c350c8000 ---p 00000000 00:00 0 
7f5c350c8000-7f5c35211000 rw-p 00000000 00:00 0                          [stack:2640]
7f5c35211000-7f5c353c2000 r--s 01d30000 08:01 806964                     /usr/lib/jvm/java-7-openjdk-amd64/jre/lib/rt.jar
7f5c353c2000-7f5c354c6000 rw-p 00000000 00:00 0 
7f5c354c6000-7f5c3550f000 rw-p 00000000 00:00 0 
7f5c3550f000-7f5c35515000 rw-p 00000000 00:00 0 
7f5c35515000-7f5c355b6000 rw-p 00000000 00:00 0 
7f5c355b6000-7f5c355b9000 rw-p 00000000 00:00 0 
7f5c355b9000-7f5c35609000 rw-p 00000000 00:00 0 
7f5c35609000-7f5c3560f000 rw-p 00000000 00:00 0 
7f5c3560f000-7f5c356af000 rw-p 00000000 00:00 0 
7f5c356af000-7f5c356ba000 rw-p 00000000 00:00 0 
7f5c356ba000-7f5c35702000 rw-p 00000000 00:00 0 
7f5c35702000-7f5c35703000 rw-p 00000000 00:00 0 
7f5c35703000-7f5c3570b000 r-xp 00000000 08:01 806935                     /usr/lib/jvm/java-7-openjdk-amd64/jre/lib/amd64/libzip.so
7f5c3570b000-7f5c3590a000 ---p 00008000 08:01 806935                     /usr/lib/jvm/java-7-openjdk-amd64/jre/lib/amd64/libzip.so
7f5c3590a000-7f5c3590b000 r--p 00007000 08:01 806935                     /usr/lib/jvm/java-7-openjdk-amd64/jre/lib/amd64/libzip.so
7f5c3590b000-7f5c3590c000 rw-p 00008000 08:01 806935                     /usr/lib/jvm/java-7-openjdk-amd64/jre/lib/amd64/libzip.so
7f5c3590c000-7f5c35917000 r-xp 00000000 08:01 1315460                    /lib/x86_64-linux-gnu/libnss_files-2.19.so
7f5c35917000-7f5c35b16000 ---p 0000b000 08:01 1315460                    /lib/x86_64-linux-gnu/libnss_files-2.19.so
7f5c35b16000-7f5c35b17000 r--p 0000a000 08:01 1315460                    /lib/x86_64-linux-gnu/libnss_files-2.19.so
7f5c35b17000-7f5c35b18000 rw-p 0000b000 08:01 1315460                    /lib/x86_64-linux-gnu/libnss_files-2.19.so
7f5c35b18000-7f5c35b23000 r-xp 00000000 08:01 1315470                    /lib/x86_64-linux-gnu/libnss_nis-2.19.so
7f5c35b23000-7f5c35d22000 ---p 0000b000 08:01 1315470                    /lib/x86_64-linux-gnu/libnss_nis-2.19.so
7f5c35d22000-7f5c35d23000 r--p 0000a000 08:01 1315470                    /lib/x86_64-linux-gnu/libnss_nis-2.19.so
7f5c35d23000-7f5c35d24000 rw-p 0000b000 08:01 1315470                    /lib/x86_64-linux-gnu/libnss_nis-2.19.so
7f5c35d24000-7f5c35d3b000 r-xp 00000000 08:01 1315454                    /lib/x86_64-linux-gnu/libnsl-2.19.so
7f5c35d3b000-7f5c35f3a000 ---p 00017000 08:01 1315454                    /lib/x86_64-linux-gnu/libnsl-2.19.so
7f5c35f3a000-7f5c35f3b000 r--p 00016000 08:01 1315454                    /lib/x86_64-linux-gnu/libnsl-2.19.so
7f5c35f3b000-7f5c35f3c000 rw-p 00017000 08:01 1315454                    /lib/x86_64-linux-gnu/libnsl-2.19.so
7f5c35f3c000-7f5c35f3e000 rw-p 00000000 00:00 0 
7f5c35f3e000-7f5c35f47000 r-xp 00000000 08:01 1315456                    /lib/x86_64-linux-gnu/libnss_compat-2.19.so
7f5c35f47000-7f5c36146000 ---p 00009000 08:01 1315456                    /lib/x86_64-linux-gnu/libnss_compat-2.19.so
7f5c36146000-7f5c36147000 r--p 00008000 08:01 1315456                    /lib/x86_64-linux-gnu/libnss_compat-2.19.so
7f5c36147000-7f5c36148000 rw-p 00009000 08:01 1315456                    /lib/x86_64-linux-gnu/libnss_compat-2.19.so
7f5c36148000-7f5c36173000 r-xp 00000000 08:01 806921                     /usr/lib/jvm/java-7-openjdk-amd64/jre/lib/amd64/libjava.so
7f5c36173000-7f5c36373000 ---p 0002b000 08:01 806921                     /usr/lib/jvm/java-7-openjdk-amd64/jre/lib/amd64/libjava.so
7f5c36373000-7f5c36374000 r--p 0002b000 08:01 806921                     /usr/lib/jvm/java-7-openjdk-amd64/jre/lib/amd64/libjava.so
7f5c36374000-7f5c36376000 rw-p 0002c000 08:01 806921                     /usr/lib/jvm/java-7-openjdk-amd64/jre/lib/amd64/libjava.so
7f5c36376000-7f5c36386000 r-xp 00000000 08:01 806922                     /usr/lib/jvm/java-7-openjdk-amd64/jre/lib/amd64/libverify.so
7f5c36386000-7f5c36585000 ---p 00010000 08:01 806922                     /usr/lib/jvm/java-7-openjdk-amd64/jre/lib/amd64/libverify.so
7f5c36585000-7f5c36587000 r--p 0000f000 08:01 806922                     /usr/lib/jvm/java-7-openjdk-amd64/jre/lib/amd64/libverify.so
7f5c36587000-7f5c36588000 rw-p 00011000 08:01 806922                     /usr/lib/jvm/java-7-openjdk-amd64/jre/lib/amd64/libverify.so
7f5c36588000-7f5c3658f000 r-xp 00000000 08:01 1315513                    /lib/x86_64-linux-gnu/librt-2.19.so
7f5c3658f000-7f5c3678e000 ---p 00007000 08:01 1315513                    /lib/x86_64-linux-gnu/librt-2.19.so
7f5c3678e000-7f5c3678f000 r--p 00006000 08:01 1315513                    /lib/x86_64-linux-gnu/librt-2.19.so
7f5c3678f000-7f5c36790000 rw-p 00007000 08:01 1315513                    /lib/x86_64-linux-gnu/librt-2.19.so
7f5c36790000-7f5c367a6000 r-xp 00000000 08:01 1315412                    /lib/x86_64-linux-gnu/libgcc_s.so.1
7f5c367a6000-7f5c369a5000 ---p 00016000 08:01 1315412                    /lib/x86_64-linux-gnu/libgcc_s.so.1
7f5c369a5000-7f5c369a6000 rw-p 00015000 08:01 1315412                    /lib/x86_64-linux-gnu/libgcc_s.so.1
7f5c369a6000-7f5c36aab000 r-xp 00000000 08:01 1315435                    /lib/x86_64-linux-gnu/libm-2.19.so
7f5c36aab000-7f5c36caa000 ---p 00105000 08:01 1315435                    /lib/x86_64-linux-gnu/libm-2.19.so
7f5c36caa000-7f5c36cab000 r--p 00104000 08:01 1315435                    /lib/x86_64-linux-gnu/libm-2.19.so
7f5c36cab000-7f5c36cac000 rw-p 00105000 08:01 1315435                    /lib/x86_64-linux-gnu/libm-2.19.so
7f5c36cac000-7f5c36d92000 r-xp 00000000 08:01 786702                     /usr/lib/x86_64-linux-gnu/libstdc++.so.6.0.19
7f5c36d92000-7f5c36f91000 ---p 000e6000 08:01 786702                     /usr/lib/x86_64-linux-gnu/libstdc++.so.6.0.19
7f5c36f91000-7f5c36f99000 r--p 000e5000 08:01 786702                     /usr/lib/x86_64-linux-gnu/libstdc++.so.6.0.19
7f5c36f99000-7f5c36f9b000 rw-p 000ed000 08:01 786702                     /usr/lib/x86_64-linux-gnu/libstdc++.so.6.0.19
7f5c36f9b000-7f5c36fb0000 rw-p 00000000 00:00 0 
7f5c36fb0000-7f5c37ad4000 r-xp 00000000 08:01 806933                     /usr/lib/jvm/java-7-openjdk-amd64/jre/lib/amd64/server/libjvm.so
7f5c37ad4000-7f5c37cd4000 ---p 00b24000 08:01 806933                     /usr/lib/jvm/java-7-openjdk-amd64/jre/lib/amd64/server/libjvm.so
7f5c37cd4000-7f5c37d6e000 r--p 00b24000 08:01 806933                     /usr/lib/jvm/java-7-openjdk-amd64/jre/lib/amd64/server/libjvm.so
7f5c37d6e000-7f5c37d91000 rw-p 00bbe000 08:01 806933                     /usr/lib/jvm/java-7-openjdk-amd64/jre/lib/amd64/server/libjvm.so
7f5c37d91000-7f5c37dbf000 rw-p 00000000 00:00 0 
7f5c37dbf000-7f5c37dd7000 r-xp 00000000 08:01 1315548                    /lib/x86_64-linux-gnu/libz.so.1.2.8
7f5c37dd7000-7f5c37fd6000 ---p 00018000 08:01 1315548                    /lib/x86_64-linux-gnu/libz.so.1.2.8
7f5c37fd6000-7f5c37fd7000 r--p 00017000 08:01 1315548                    /lib/x86_64-linux-gnu/libz.so.1.2.8
7f5c37fd7000-7f5c37fd8000 rw-p 00018000 08:01 1315548                    /lib/x86_64-linux-gnu/libz.so.1.2.8
7f5c37fd8000-7f5c37ff1000 r-xp 00000000 08:01 1315505                    /lib/x86_64-linux-gnu/libpthread-2.19.so
7f5c37ff1000-7f5c381f0000 ---p 00019000 08:01 1315505                    /lib/x86_64-linux-gnu/libpthread-2.19.so
7f5c381f0000-7f5c381f1000 r--p 00018000 08:01 1315505                    /lib/x86_64-linux-gnu/libpthread-2.19.so
7f5c381f1000-7f5c381f2000 rw-p 00019000 08:01 1315505                    /lib/x86_64-linux-gnu/libpthread-2.19.so
7f5c381f2000-7f5c381f6000 rw-p 00000000 00:00 0 
7f5c381f6000-7f5c381f9000 r-xp 00000000 08:01 1315402                    /lib/x86_64-linux-gnu/libdl-2.19.so
7f5c381f9000-7f5c383f8000 ---p 00003000 08:01 1315402                    /lib/x86_64-linux-gnu/libdl-2.19.so
7f5c383f8000-7f5c383f9000 r--p 00002000 08:01 1315402                    /lib/x86_64-linux-gnu/libdl-2.19.so
7f5c383f9000-7f5c383fa000 rw-p 00003000 08:01 1315402                    /lib/x86_64-linux-gnu/libdl-2.19.so
7f5c383fa000-7f5c385b5000 r-xp 00000000 08:01 1315385                    /lib/x86_64-linux-gnu/libc-2.19.so
7f5c385b5000-7f5c387b4000 ---p 001bb000 08:01 1315385                    /lib/x86_64-linux-gnu/libc-2.19.so
7f5c387b4000-7f5c387b8000 r--p 001ba000 08:01 1315385                    /lib/x86_64-linux-gnu/libc-2.19.so
7f5c387b8000-7f5c387ba000 rw-p 001be000 08:01 1315385                    /lib/x86_64-linux-gnu/libc-2.19.so
7f5c387ba000-7f5c387bf000 rw-p 00000000 00:00 0 
7f5c387bf000-7f5c387cc000 r-xp 00000000 08:01 806948                     /usr/lib/jvm/java-7-openjdk-amd64/jre/lib/amd64/jli/libjli.so
7f5c387cc000-7f5c389cb000 ---p 0000d000 08:01 806948                     /usr/lib/jvm/java-7-openjdk-amd64/jre/lib/amd64/jli/libjli.so
7f5c389cb000-7f5c389cc000 r--p 0000c000 08:01 806948                     /usr/lib/jvm/java-7-openjdk-amd64/jre/lib/amd64/jli/libjli.so
7f5c389cc000-7f5c389cd000 rw-p 0000d000 08:01 806948                     /usr/lib/jvm/java-7-openjdk-amd64/jre/lib/amd64/jli/libjli.so
7f5c389cd000-7f5c389f0000 r-xp 00000000 08:01 1315361                    /lib/x86_64-linux-gnu/ld-2.19.so
7f5c38a07000-7f5c38a08000 rw-p 00000000 00:00 0 
7f5c38a08000-7f5c38a0c000 r--s 00034000 08:01 806976                     /usr/lib/jvm/java-7-openjdk-amd64/jre/lib/ext/sunjce_provider.jar
7f5c38a0c000-7f5c38a10000 r--s 0003c000 08:01 806979                     /usr/lib/jvm/java-7-openjdk-amd64/jre/lib/ext/sunpkcs11.jar
7f5c38a10000-7f5c38a1a000 rw-p 00000000 00:00 0 
7f5c38a1a000-7f5c38ad0000 rw-p 00000000 00:00 0 
7f5c38ad0000-7f5c38ad3000 ---p 00000000 00:00 0 
7f5c38ad3000-7f5c38bd7000 rw-p 00000000 00:00 0                          [stack:2639]
7f5c38bd7000-7f5c38bd8000 r--s 00002000 08:01 806974                     /usr/lib/jvm/java-7-openjdk-amd64/jre/lib/ext/dnsns.jar
7f5c38bd8000-7f5c38bdb000 r--s 0000f000 08:01 806977                     /usr/lib/jvm/java-7-openjdk-amd64/jre/lib/ext/icedtea-sound.jar
7f5c38bdb000-7f5c38bdf000 r--s 00085000 08:01 806978                     /usr/lib/jvm/java-7-openjdk-amd64/jre/lib/ext/localedata.jar
7f5c38bdf000-7f5c38be1000 r--s 00012000 08:01 806975                     /usr/lib/jvm/java-7-openjdk-amd64/jre/lib/ext/zipfs.jar
7f5c38be1000-7f5c38be3000 r--s 00006000 08:01 1071592                    /usr/share/java/java-atk-wrapper.jar
7f5c38be3000-7f5c38beb000 rw-s 00000000 08:01 655865                     /tmp/hsperfdata_wsh/2638
7f5c38beb000-7f5c38bec000 rw-p 00000000 00:00 0 
7f5c38bec000-7f5c38bed000 r--p 00000000 00:00 0 
7f5c38bed000-7f5c38bef000 rw-p 00000000 00:00 0 
7f5c38bef000-7f5c38bf0000 r--p 00022000 08:01 1315361                    /lib/x86_64-linux-gnu/ld-2.19.so
7f5c38bf0000-7f5c38bf1000 rw-p 00023000 08:01 1315361                    /lib/x86_64-linux-gnu/ld-2.19.so
7f5c38bf1000-7f5c38bf2000 rw-p 00000000 00:00 0 
7ffd4d546000-7ffd4d567000 rw-p 00000000 00:00 0                          [stack]
7ffd4d58f000-7ffd4d591000 r--p 00000000 00:00 0                          [vvar]
7ffd4d591000-7ffd4d593000 r-xp 00000000 00:00 0                          [vdso]
ffffffffff600000-ffffffffff601000 r-xp 00000000 00:00 0                  [vsyscall]

VM Arguments:
java_command: CatchThrow
Launcher Type: SUN_STANDARD

Environment Variables:
PATH=/usr/local/sbin:/usr/local/bin:/usr/sbin:/usr/bin:/sbin:/bin:/usr/games:/usr/local/games
LD_LIBRARY_PATH=.
SHELL=/bin/bash
DISPLAY=:0

Signal Handlers:
SIGSEGV: [libjvm.so+0x9548f0], sa_mask[0]=0x7ffbfeff, sa_flags=0x10000004
SIGBUS: [libjvm.so+0x9548f0], sa_mask[0]=0x7ffbfeff, sa_flags=0x10000004
SIGFPE: [libjvm.so+0x7cb0b0], sa_mask[0]=0x7ffbfeff, sa_flags=0x10000004
SIGPIPE: [libjvm.so+0x7cb0b0], sa_mask[0]=0x7ffbfeff, sa_flags=0x10000004
SIGXFSZ: [libjvm.so+0x7cb0b0], sa_mask[0]=0x7ffbfeff, sa_flags=0x10000004
SIGILL: [libjvm.so+0x7cb0b0], sa_mask[0]=0x7ffbfeff, sa_flags=0x10000004
SIGUSR1: SIG_DFL, sa_mask[0]=0x00000000, sa_flags=0x00000000
SIGUSR2: [libjvm.so+0x7caf50], sa_mask[0]=0x00000000, sa_flags=0x10000004
SIGHUP: [libjvm.so+0x7cb130], sa_mask[0]=0x7ffbfeff, sa_flags=0x10000004
SIGINT: [libjvm.so+0x7cb130], sa_mask[0]=0x7ffbfeff, sa_flags=0x10000004
SIGTERM: [libjvm.so+0x7cb130], sa_mask[0]=0x7ffbfeff, sa_flags=0x10000004
SIGQUIT: [libjvm.so+0x7cb130], sa_mask[0]=0x7ffbfeff, sa_flags=0x10000004
SIGTRAP: SIG_DFL, sa_mask[0]=0x00000000, sa_flags=0x00000000


---------------  S Y S T E M  ---------------

OS:Ubuntu 14.04 (trusty)
uname:Linux 3.19.0-25-generic #26~14.04.1-Ubuntu SMP Fri Jul 24 21:16:20 UTC 2015 x86_64
libc:glibc 2.19 NPTL 2.19 
rlimit: STACK 8192k, CORE 0k, NPROC 3889, NOFILE 4096, AS infinity
load average:0.46 0.36 0.30

/proc/meminfo:
MemTotal:        1017052 kB
MemFree:           80708 kB
MemAvailable:     323792 kB
Buffers:           52688 kB
Cached:           306100 kB
SwapCached:            0 kB
Active:           586232 kB
Inactive:         262748 kB
Active(anon):     386932 kB
Inactive(anon):   119252 kB
Active(file):     199300 kB
Inactive(file):   143496 kB
Unevictable:           0 kB
Mlocked:               0 kB
SwapTotal:        783356 kB
SwapFree:         783152 kB
Dirty:               136 kB
Writeback:             0 kB
AnonPages:        490168 kB
Mapped:           161704 kB
Shmem:             16016 kB
Slab:              43344 kB
SReclaimable:      25820 kB
SUnreclaim:        17524 kB
KernelStack:        5568 kB
PageTables:        25892 kB
NFS_Unstable:          0 kB
Bounce:                0 kB
WritebackTmp:          0 kB
CommitLimit:     1291880 kB
Committed_AS:    2808420 kB
VmallocTotal:   34359738367 kB
VmallocUsed:       23128 kB
VmallocChunk:   34359711672 kB
HardwareCorrupted:     0 kB
AnonHugePages:    225280 kB
CmaTotal:              0 kB
CmaFree:               0 kB
HugePages_Total:       0
HugePages_Free:        0
HugePages_Rsvd:        0
HugePages_Surp:        0
Hugepagesize:       2048 kB
DirectMap4k:       67520 kB
DirectMap2M:      980992 kB


CPU:total 1 (1 cores per cpu, 1 threads per core) family 6 model 58 stepping 9, cmov, cx8, fxsr, mmx, sse, sse2, sse3, ssse3, sse4.1, sse4.2, popcnt, avx, tsc, tscinvbit, tscinv

/proc/cpuinfo:
processor	: 0
vendor_id	: GenuineIntel
cpu family	: 6
model		: 58
model name	: Intel(R) Core(TM) i3-3220 CPU @ 3.30GHz
stepping	: 9
microcode	: 0x19
cpu MHz		: 3292.540
cache size	: 3072 KB
physical id	: 0
siblings	: 1
core id		: 0
cpu cores	: 1
apicid		: 0
initial apicid	: 0
fpu		: yes
fpu_exception	: yes
cpuid level	: 13
wp		: yes
flags		: fpu vme de pse tsc msr pae mce cx8 apic sep mtrr pge mca cmov pat pse36 clflush mmx fxsr sse sse2 syscall nx rdtscp lm constant_tsc rep_good nopl xtopology nonstop_tsc pni pclmulqdq monitor ssse3 cx16 sse4_1 sse4_2 popcnt xsave avx hypervisor lahf_lm
bugs		:
bogomips	: 6585.08
clflush size	: 64
cache_alignment	: 64
address sizes	: 36 bits physical, 48 bits virtual
power management:



Memory: 4k page, physical 1017052k(80708k free), swap 783356k(783152k free)

vm_info: OpenJDK 64-Bit Server VM (24.95-b01) for linux-amd64 JRE (1.7.0_95-b00), built on Mar 24 2016 06:13:32 by "buildd" with gcc 4.8.2

time: Wed May 18 17:16:09 2016
elapsed time: 0 seconds

