#
# A fatal error has been detected by the Java Runtime Environment:
#
#  SIGFPE (0x8) at pc=0x00007fadf6cc97b4, pid=3176, tid=140385342875392
#
# JRE version: OpenJDK Runtime Environment (7.0_95) (build 1.7.0_95-b00)
# Java VM: OpenJDK 64-Bit Server VM (24.95-b01 mixed mode linux-amd64 compressed oops)
# Derivative: IcedTea 2.6.4
# Distribution: Ubuntu 14.04 LTS, package 7u95-2.6.4-0ubuntu0.14.04.2
# Problematic frame:
# C  [libCatchThrow.so+0x7b4]  Java_CatchThrow_doit+0x1f
#
# Failed to write core dump. Core dumps have been disabled. To enable core dumping, try "ulimit -c unlimited" before starting Java again
#
# If you would like to submit a bug report, please include
# instructions on how to reproduce the bug and visit:
#   http://icedtea.classpath.org/bugzilla
# The crash happened outside the Java Virtual Machine in native code.
# See problematic frame for where to report the bug.
#

---------------  T H R E A D  ---------------

Current thread (0x00007fadfc00a000):  JavaThread "main" [_thread_in_native, id=3177, stack(0x00007fae026e6000,0x00007fae027e7000)]

siginfo:si_signo=SIGFPE: si_errno=0, si_code=1 (FPE_INTDIV), si_addr=0x00007fadf6cc97b4

Registers:
RAX=0x0000000000000002, RBX=0x00000000f5cab580, RCX=0x0000000000000000, RDX=0x0000000000000000
RSP=0x00007fae027e5930, RBP=0x00007fae027e5930, RSI=0x00007fae027e59a8, RDI=0x00007fadfc00a1d8
R8 =0x00007fadfc08e360, R9 =0x00007fadf8028eea, R10=0x00007fadf818dd4c, R11=0x00007fae0142beb0
R12=0x0000000000000000, R13=0x00000000f5cab578, R14=0x00007fae027e59a8, R15=0x00007fadfc00a000
RIP=0x00007fadf6cc97b4, EFLAGS=0x0000000000010283, CSGSFS=0x0000000000000033, ERR=0x0000000000000000
  TRAPNO=0x0000000000000000

Top of Stack: (sp=0x00007fae027e5930)
0x00007fae027e5930:   00007fae027e5988 00007fadf818dd78
0x00007fae027e5940:   00007fadfffffffe 00007fae027e5948
0x00007fae027e5950:   00000000f5cab578 00007fae027e59a8
0x00007fae027e5960:   00000000f5caba10 0000000000000000
0x00007fae027e5970:   00000000f5cab580 0000000000000000
0x00007fae027e5980:   00007fae027e59a8 00007fae027e59f0
0x00007fae027e5990:   00007fadf8181058 0000000000000000
0x00007fae027e59a0:   00007fadf8189cb8 00000000d6850ce8
0x00007fae027e59b0:   00007fae027e59b0 00000000f5cab663
0x00007fae027e59c0:   00007fae027e5a08 00000000f5caba10
0x00007fae027e59d0:   0000000000000000 00000000f5cab670
0x00007fae027e59e0:   00007fae027e59a8 00007fae027e5a08
0x00007fae027e59f0:   00007fae027e5a70 00007fadf817b4e7
0x00007fae027e5a00:   00000000d6850ce8 00000000d684ef68
0x00007fae027e5a10:   00007fae00001fa0 00007fae027e5ab0
0x00007fae027e5a20:   00007fae027e5cf0 00007fae027e5c30
0x00007fae027e5a30:   00007fadfc00a000 00007fadfc00a9f0
0x00007fae027e5a40:   00007fae027e5af0 00007fae027e5cf8
0x00007fae027e5a50:   00007fad0000000a 00000000f5cab670
0x00007fae027e5a60:   00007fadf818b340 00007fae027e5c38
0x00007fae027e5a70:   00007fae027e5b60 00007fae011b3c89
0x00007fae027e5a80:   00007fad00000001 00007fadfc00a000
0x00007fae027e5a90:   00007fadfc00a9e0 00007fae027e5af0
0x00007fae027e5aa0:   00007fadf818b340 000000000000000a
0x00007fae027e5ab0:   00007fadfc00a000 00007fadfc007430
0x00007fae027e5ac0:   00007fadfc00a9e0 00007fadfc00a9f8
0x00007fae027e5ad0:   00007fadfc00adc8 00000000000003d8
0x00007fae027e5ae0:   00007fadfc007470 ab00d24630e3c100
0x00007fae027e5af0:   00007fadfc00a000 00007fadfc00b570
0x00007fae027e5b00:   00000000f5cab670 0000000000000000
0x00007fae027e5b10:   0000000000000000 0000000000000000
0x00007fae027e5b20:   0000000000000000 00007fae027e5cf0 

Instructions: (pc=0x00007fadf6cc97b4)
0x00007fadf6cc9794:   ff 55 48 89 e5 48 89 7d e8 48 89 75 e0 c7 45 f8
0x00007fadf6cc97a4:   05 00 00 00 8b 45 f8 8d 48 fb b8 02 00 00 00 99
0x00007fadf6cc97b4:   f7 f9 89 45 fc 5d c3 55 48 89 e5 48 83 ec 10 89
0x00007fadf6cc97c4:   7d fc 89 75 f8 83 7d fc 01 75 32 81 7d f8 ff ff 

Register to memory mapping:

RAX=0x0000000000000002 is an unknown value
RBX=0x00000000f5cab580 is an oop
{method} 
 - klass: {other class}
RCX=0x0000000000000000 is an unknown value
RDX=0x0000000000000000 is an unknown value
RSP=0x00007fae027e5930 is pointing into the stack for thread: 0x00007fadfc00a000
RBP=0x00007fae027e5930 is pointing into the stack for thread: 0x00007fadfc00a000
RSI=0x00007fae027e59a8 is pointing into the stack for thread: 0x00007fadfc00a000
RDI=0x00007fadfc00a1d8 is an unknown value
R8 =0x00007fadfc08e360 is an unknown value
R9 =0x00007fadf8028eea is an unknown value
R10=0x00007fadf818dd4c is at code_begin+620 in an Interpreter codelet
method entry point (kind = native)  [0x00007fadf818dae0, 0x00007fadf818e320]  2112 bytes
R11=0x00007fae0142beb0: <offset 0x865eb0> in /usr/lib/jvm/java-7-openjdk-amd64/jre/lib/amd64/server/libjvm.so at 0x00007fae00bc6000
R12=0x0000000000000000 is an unknown value
R13=0x00000000f5cab578 is pointing into object: 0x00000000f5cab538
{constMethod} 
 - klass: {other class}
 - constants:       0x00000000f5cab268 constant pool [43] for 'CatchThrow' cache=0x00000000f5caba10
R14=0x00007fae027e59a8 is pointing into the stack for thread: 0x00007fadfc00a000
R15=0x00007fadfc00a000 is a thread


Stack: [0x00007fae026e6000,0x00007fae027e7000],  sp=0x00007fae027e5930,  free space=1022k
Native frames: (J=compiled Java code, j=interpreted, Vv=VM code, C=native code)
C  [libCatchThrow.so+0x7b4]  Java_CatchThrow_doit+0x1f
j  CatchThrow.doit()V+0
j  CatchThrow.main([Ljava/lang/String;)V+19
v  ~StubRoutines::call_stub
V  [libjvm.so+0x5edc89]
V  [libjvm.so+0x5ed728]
V  [libjvm.so+0x5fd04b]
V  [libjvm.so+0x60e0e8]
C  [libjli.so+0x31f9]

Java frames: (J=compiled Java code, j=interpreted, Vv=VM code)
j  CatchThrow.doit()V+0
j  CatchThrow.main([Ljava/lang/String;)V+19
v  ~StubRoutines::call_stub

---------------  P R O C E S S  ---------------

Java Threads: ( => current thread )
  0x00007fadfc0a6000 JavaThread "Service Thread" daemon [_thread_blocked, id=3184, stack(0x00007fadf6fcc000,0x00007fadf70cd000)]
  0x00007fadfc0a3000 JavaThread "C2 CompilerThread1" daemon [_thread_blocked, id=3183, stack(0x00007fadf70cd000,0x00007fadf71ce000)]
  0x00007fadfc0a1000 JavaThread "C2 CompilerThread0" daemon [_thread_blocked, id=3182, stack(0x00007fadf71ce000,0x00007fadf72cf000)]
  0x00007fadfc09f000 JavaThread "Signal Dispatcher" daemon [_thread_blocked, id=3181, stack(0x00007fadf72cf000,0x00007fadf73d0000)]
  0x00007fadfc072000 JavaThread "Finalizer" daemon [_thread_blocked, id=3180, stack(0x00007fadf7ab2000,0x00007fadf7bb3000)]
  0x00007fadfc070000 JavaThread "Reference Handler" daemon [_thread_blocked, id=3179, stack(0x00007fadf7bb3000,0x00007fadf7cb4000)]
=>0x00007fadfc00a000 JavaThread "main" [_thread_in_native, id=3177, stack(0x00007fae026e6000,0x00007fae027e7000)]

Other Threads:
  0x00007fadfc06b800 VMThread [stack: 0x00007fadf7cb4000,0x00007fadf7db5000] [id=3178]
  0x00007fadfc0b1000 WatcherThread [stack: 0x00007fadf6ecb000,0x00007fadf6fcc000] [id=3185]

VM state:not at safepoint (normal execution)

VM Mutex/Monitor currently owned by a thread: None

Heap
 def new generation   total 4800K, used 343K [0x00000000d6800000, 0x00000000d6d30000, 0x00000000e0e00000)
  eden space 4288K,   8% used [0x00000000d6800000, 0x00000000d6855f58, 0x00000000d6c30000)
  from space 512K,   0% used [0x00000000d6c30000, 0x00000000d6c30000, 0x00000000d6cb0000)
  to   space 512K,   0% used [0x00000000d6cb0000, 0x00000000d6cb0000, 0x00000000d6d30000)
 tenured generation   total 10624K, used 0K [0x00000000e0e00000, 0x00000000e1860000, 0x00000000f5a00000)
   the space 10624K,   0% used [0x00000000e0e00000, 0x00000000e0e00000, 0x00000000e0e00200, 0x00000000e1860000)
 compacting perm gen  total 21248K, used 2740K [0x00000000f5a00000, 0x00000000f6ec0000, 0x0000000100000000)
   the space 21248K,  12% used [0x00000000f5a00000, 0x00000000f5cad1e0, 0x00000000f5cad200, 0x00000000f6ec0000)
No shared spaces configured.

Card table byte_map: [0x00007fae00051000,0x00007fae0019e000] byte_map_base: 0x00007fadff99d000

Polling page: 0x00007fae02802000

Code Cache  [0x00007fadf817b000, 0x00007fadf83eb000, 0x00007fadfb17b000)
 total_blobs=166 nmethods=0 adapters=135 free_code_cache=48774Kb largest_free_block=49944640

Compilation events (0 events):
No events

GC Heap History (0 events):
No events

Deoptimization events (0 events):
No events

Internal exceptions (6 events):
Event: 0.032 Thread 0x00007fadfc00a000 Threw 0x00000000d680f268 at /build/openjdk-7-HVzwJZ/openjdk-7-7u95-2.6.4/build/openjdk/hotspot/src/share/vm/prims/jni.cpp:4027
Event: 0.068 Thread 0x00007fadfc00a000 Threw 0x00000000d6843398 at /build/openjdk-7-HVzwJZ/openjdk-7-7u95-2.6.4/build/openjdk/hotspot/src/share/vm/prims/jni.cpp:721
Event: 0.068 Thread 0x00007fadfc00a000 Threw 0x00000000d6843518 at /build/openjdk-7-HVzwJZ/openjdk-7-7u95-2.6.4/build/openjdk/hotspot/src/share/vm/prims/jvm.cpp:1322
Event: 0.068 Thread 0x00007fadfc00a000 Threw 0x00000000d6843640 at /build/openjdk-7-HVzwJZ/openjdk-7-7u95-2.6.4/build/openjdk/hotspot/src/share/vm/prims/jvm.cpp:1322
Event: 0.070 Thread 0x00007fadfc00a000 Threw 0x00000000d6849818 at /build/openjdk-7-HVzwJZ/openjdk-7-7u95-2.6.4/build/openjdk/hotspot/src/share/vm/prims/jvm.cpp:1322
Event: 0.074 Thread 0x00007fadfc00a000 Threw 0x00000000d684f928 at /build/openjdk-7-HVzwJZ/openjdk-7-7u95-2.6.4/build/openjdk/hotspot/src/share/vm/prims/jvm.cpp:1322

Events (10 events):
Event: 0.072 loading class 0x00007fadfc0b51d0
Event: 0.072 loading class 0x00007fadfc0b51d0 done
Event: 0.072 loading class 0x00007fadf8051420
Event: 0.073 loading class 0x00007fadf8051420 done
Event: 0.073 loading class 0x00007fadf8035220
Event: 0.073 loading class 0x00007fadf8035220 done
Event: 0.073 loading class 0x00007fadf8035d10
Event: 0.073 loading class 0x00007fadf8035d10 done
Event: 0.074 loading class 0x00007fadfc0e9880
Event: 0.074 loading class 0x00007fadfc0e9880 done


Dynamic libraries:
00400000-00401000 r-xp 00000000 08:01 806747                             /usr/lib/jvm/java-7-openjdk-amd64/jre/bin/java
00600000-00601000 r--p 00000000 08:01 806747                             /usr/lib/jvm/java-7-openjdk-amd64/jre/bin/java
00601000-00602000 rw-p 00001000 08:01 806747                             /usr/lib/jvm/java-7-openjdk-amd64/jre/bin/java
01093000-010b4000 rw-p 00000000 00:00 0                                  [heap]
d6800000-d6d30000 rw-p 00000000 00:00 0 
d6d30000-e0e00000 rw-p 00000000 00:00 0 
e0e00000-e1860000 rw-p 00000000 00:00 0 
e1860000-f5a00000 rw-p 00000000 00:00 0 
f5a00000-f6ec0000 rw-p 00000000 00:00 0 
f6ec0000-100000000 rw-p 00000000 00:00 0 
7fadd8000000-7fadd8021000 rw-p 00000000 00:00 0 
7fadd8021000-7faddc000000 ---p 00000000 00:00 0 
7faddc000000-7faddc021000 rw-p 00000000 00:00 0 
7faddc021000-7fade0000000 ---p 00000000 00:00 0 
7fade0000000-7fade0021000 rw-p 00000000 00:00 0 
7fade0021000-7fade4000000 ---p 00000000 00:00 0 
7fade4000000-7fade4021000 rw-p 00000000 00:00 0 
7fade4021000-7fade8000000 ---p 00000000 00:00 0 
7fade8000000-7fade8021000 rw-p 00000000 00:00 0 
7fade8021000-7fadec000000 ---p 00000000 00:00 0 
7fadec000000-7fadec021000 rw-p 00000000 00:00 0 
7fadec021000-7fadf0000000 ---p 00000000 00:00 0 
7fadf0000000-7fadf0021000 rw-p 00000000 00:00 0 
7fadf0021000-7fadf4000000 ---p 00000000 00:00 0 
7fadf6cc9000-7fadf6cca000 r-xp 00000000 08:01 1351976                    /home/wsh/JNI/JNI_CPP/TryCatchCPP/libCatchThrow.so
7fadf6cca000-7fadf6ec9000 ---p 00001000 08:01 1351976                    /home/wsh/JNI/JNI_CPP/TryCatchCPP/libCatchThrow.so
7fadf6ec9000-7fadf6eca000 r--p 00000000 08:01 1351976                    /home/wsh/JNI/JNI_CPP/TryCatchCPP/libCatchThrow.so
7fadf6eca000-7fadf6ecb000 rw-p 00001000 08:01 1351976                    /home/wsh/JNI/JNI_CPP/TryCatchCPP/libCatchThrow.so
7fadf6ecb000-7fadf6ecc000 ---p 00000000 00:00 0 
7fadf6ecc000-7fadf6fcc000 rw-p 00000000 00:00 0                          [stack:3185]
7fadf6fcc000-7fadf6fcf000 ---p 00000000 00:00 0 
7fadf6fcf000-7fadf70cd000 rw-p 00000000 00:00 0                          [stack:3184]
7fadf70cd000-7fadf70d0000 ---p 00000000 00:00 0 
7fadf70d0000-7fadf71ce000 rw-p 00000000 00:00 0                          [stack:3183]
7fadf71ce000-7fadf71d1000 ---p 00000000 00:00 0 
7fadf71d1000-7fadf72cf000 rw-p 00000000 00:00 0                          [stack:3182]
7fadf72cf000-7fadf72d2000 ---p 00000000 00:00 0 
7fadf72d2000-7fadf73d0000 rw-p 00000000 00:00 0                          [stack:3181]
7fadf73d0000-7fadf7ab2000 r--p 00000000 08:01 794747                     /usr/lib/locale/locale-archive
7fadf7ab2000-7fadf7ab5000 ---p 00000000 00:00 0 
7fadf7ab5000-7fadf7bb3000 rw-p 00000000 00:00 0                          [stack:3180]
7fadf7bb3000-7fadf7bb6000 ---p 00000000 00:00 0 
7fadf7bb6000-7fadf7cb4000 rw-p 00000000 00:00 0                          [stack:3179]
7fadf7cb4000-7fadf7cb5000 ---p 00000000 00:00 0 
7fadf7cb5000-7fadf7dfe000 rw-p 00000000 00:00 0                          [stack:3178]
7fadf7dfe000-7fadf7faf000 r--s 01d30000 08:01 806964                     /usr/lib/jvm/java-7-openjdk-amd64/jre/lib/rt.jar
7fadf7faf000-7fadf808b000 rw-p 00000000 00:00 0 
7fadf808b000-7fadf80d4000 rw-p 00000000 00:00 0 
7fadf80d4000-7fadf80da000 rw-p 00000000 00:00 0 
7fadf80da000-7fadf817b000 rw-p 00000000 00:00 0 
7fadf817b000-7fadf83eb000 rwxp 00000000 00:00 0 
7fadf83eb000-7fadfb17b000 rw-p 00000000 00:00 0 
7fadfb17b000-7fadfb183000 r-xp 00000000 08:01 806935                     /usr/lib/jvm/java-7-openjdk-amd64/jre/lib/amd64/libzip.so
7fadfb183000-7fadfb382000 ---p 00008000 08:01 806935                     /usr/lib/jvm/java-7-openjdk-amd64/jre/lib/amd64/libzip.so
7fadfb382000-7fadfb383000 r--p 00007000 08:01 806935                     /usr/lib/jvm/java-7-openjdk-amd64/jre/lib/amd64/libzip.so
7fadfb383000-7fadfb384000 rw-p 00008000 08:01 806935                     /usr/lib/jvm/java-7-openjdk-amd64/jre/lib/amd64/libzip.so
7fadfb384000-7fadfb38f000 r-xp 00000000 08:01 1315460                    /lib/x86_64-linux-gnu/libnss_files-2.19.so
7fadfb38f000-7fadfb58e000 ---p 0000b000 08:01 1315460                    /lib/x86_64-linux-gnu/libnss_files-2.19.so
7fadfb58e000-7fadfb58f000 r--p 0000a000 08:01 1315460                    /lib/x86_64-linux-gnu/libnss_files-2.19.so
7fadfb58f000-7fadfb590000 rw-p 0000b000 08:01 1315460                    /lib/x86_64-linux-gnu/libnss_files-2.19.so
7fadfb590000-7fadfb59b000 r-xp 00000000 08:01 1315470                    /lib/x86_64-linux-gnu/libnss_nis-2.19.so
7fadfb59b000-7fadfb79a000 ---p 0000b000 08:01 1315470                    /lib/x86_64-linux-gnu/libnss_nis-2.19.so
7fadfb79a000-7fadfb79b000 r--p 0000a000 08:01 1315470                    /lib/x86_64-linux-gnu/libnss_nis-2.19.so
7fadfb79b000-7fadfb79c000 rw-p 0000b000 08:01 1315470                    /lib/x86_64-linux-gnu/libnss_nis-2.19.so
7fadfb79c000-7fadfb7b3000 r-xp 00000000 08:01 1315454                    /lib/x86_64-linux-gnu/libnsl-2.19.so
7fadfb7b3000-7fadfb9b2000 ---p 00017000 08:01 1315454                    /lib/x86_64-linux-gnu/libnsl-2.19.so
7fadfb9b2000-7fadfb9b3000 r--p 00016000 08:01 1315454                    /lib/x86_64-linux-gnu/libnsl-2.19.so
7fadfb9b3000-7fadfb9b4000 rw-p 00017000 08:01 1315454                    /lib/x86_64-linux-gnu/libnsl-2.19.so
7fadfb9b4000-7fadfb9b6000 rw-p 00000000 00:00 0 
7fadfb9b6000-7fadfb9bf000 r-xp 00000000 08:01 1315456                    /lib/x86_64-linux-gnu/libnss_compat-2.19.so
7fadfb9bf000-7fadfbbbe000 ---p 00009000 08:01 1315456                    /lib/x86_64-linux-gnu/libnss_compat-2.19.so
7fadfbbbe000-7fadfbbbf000 r--p 00008000 08:01 1315456                    /lib/x86_64-linux-gnu/libnss_compat-2.19.so
7fadfbbbf000-7fadfbbc0000 rw-p 00009000 08:01 1315456                    /lib/x86_64-linux-gnu/libnss_compat-2.19.so
7fadfbbc0000-7fadfbbeb000 r-xp 00000000 08:01 806921                     /usr/lib/jvm/java-7-openjdk-amd64/jre/lib/amd64/libjava.so
7fadfbbeb000-7fadfbdeb000 ---p 0002b000 08:01 806921                     /usr/lib/jvm/java-7-openjdk-amd64/jre/lib/amd64/libjava.so
7fadfbdeb000-7fadfbdec000 r--p 0002b000 08:01 806921                     /usr/lib/jvm/java-7-openjdk-amd64/jre/lib/amd64/libjava.so
7fadfbdec000-7fadfbdee000 rw-p 0002c000 08:01 806921                     /usr/lib/jvm/java-7-openjdk-amd64/jre/lib/amd64/libjava.so
7fadfbdee000-7fadfbdfe000 r-xp 00000000 08:01 806922                     /usr/lib/jvm/java-7-openjdk-amd64/jre/lib/amd64/libverify.so
7fadfbdfe000-7fadfbffd000 ---p 00010000 08:01 806922                     /usr/lib/jvm/java-7-openjdk-amd64/jre/lib/amd64/libverify.so
7fadfbffd000-7fadfbfff000 r--p 0000f000 08:01 806922                     /usr/lib/jvm/java-7-openjdk-amd64/jre/lib/amd64/libverify.so
7fadfbfff000-7fadfc000000 rw-p 00011000 08:01 806922                     /usr/lib/jvm/java-7-openjdk-amd64/jre/lib/amd64/libverify.so
7fadfc000000-7fadfc0fe000 rw-p 00000000 00:00 0 
7fadfc0fe000-7fae00000000 ---p 00000000 00:00 0 
7fae00029000-7fae00054000 rw-p 00000000 00:00 0 
7fae00054000-7fae000a4000 rw-p 00000000 00:00 0 
7fae000a4000-7fae000aa000 rw-p 00000000 00:00 0 
7fae000aa000-7fae0014a000 rw-p 00000000 00:00 0 
7fae0014a000-7fae00155000 rw-p 00000000 00:00 0 
7fae00155000-7fae0019d000 rw-p 00000000 00:00 0 
7fae0019d000-7fae0019e000 rw-p 00000000 00:00 0 
7fae0019e000-7fae001a5000 r-xp 00000000 08:01 1315513                    /lib/x86_64-linux-gnu/librt-2.19.so
7fae001a5000-7fae003a4000 ---p 00007000 08:01 1315513                    /lib/x86_64-linux-gnu/librt-2.19.so
7fae003a4000-7fae003a5000 r--p 00006000 08:01 1315513                    /lib/x86_64-linux-gnu/librt-2.19.so
7fae003a5000-7fae003a6000 rw-p 00007000 08:01 1315513                    /lib/x86_64-linux-gnu/librt-2.19.so
7fae003a6000-7fae003bc000 r-xp 00000000 08:01 1315412                    /lib/x86_64-linux-gnu/libgcc_s.so.1
7fae003bc000-7fae005bb000 ---p 00016000 08:01 1315412                    /lib/x86_64-linux-gnu/libgcc_s.so.1
7fae005bb000-7fae005bc000 rw-p 00015000 08:01 1315412                    /lib/x86_64-linux-gnu/libgcc_s.so.1
7fae005bc000-7fae006c1000 r-xp 00000000 08:01 1315435                    /lib/x86_64-linux-gnu/libm-2.19.so
7fae006c1000-7fae008c0000 ---p 00105000 08:01 1315435                    /lib/x86_64-linux-gnu/libm-2.19.so
7fae008c0000-7fae008c1000 r--p 00104000 08:01 1315435                    /lib/x86_64-linux-gnu/libm-2.19.so
7fae008c1000-7fae008c2000 rw-p 00105000 08:01 1315435                    /lib/x86_64-linux-gnu/libm-2.19.so
7fae008c2000-7fae009a8000 r-xp 00000000 08:01 786702                     /usr/lib/x86_64-linux-gnu/libstdc++.so.6.0.19
7fae009a8000-7fae00ba7000 ---p 000e6000 08:01 786702                     /usr/lib/x86_64-linux-gnu/libstdc++.so.6.0.19
7fae00ba7000-7fae00baf000 r--p 000e5000 08:01 786702                     /usr/lib/x86_64-linux-gnu/libstdc++.so.6.0.19
7fae00baf000-7fae00bb1000 rw-p 000ed000 08:01 786702                     /usr/lib/x86_64-linux-gnu/libstdc++.so.6.0.19
7fae00bb1000-7fae00bc6000 rw-p 00000000 00:00 0 
7fae00bc6000-7fae016ea000 r-xp 00000000 08:01 806933                     /usr/lib/jvm/java-7-openjdk-amd64/jre/lib/amd64/server/libjvm.so
7fae016ea000-7fae018ea000 ---p 00b24000 08:01 806933                     /usr/lib/jvm/java-7-openjdk-amd64/jre/lib/amd64/server/libjvm.so
7fae018ea000-7fae01984000 r--p 00b24000 08:01 806933                     /usr/lib/jvm/java-7-openjdk-amd64/jre/lib/amd64/server/libjvm.so
7fae01984000-7fae019a7000 rw-p 00bbe000 08:01 806933                     /usr/lib/jvm/java-7-openjdk-amd64/jre/lib/amd64/server/libjvm.so
7fae019a7000-7fae019d5000 rw-p 00000000 00:00 0 
7fae019d5000-7fae019ed000 r-xp 00000000 08:01 1315548                    /lib/x86_64-linux-gnu/libz.so.1.2.8
7fae019ed000-7fae01bec000 ---p 00018000 08:01 1315548                    /lib/x86_64-linux-gnu/libz.so.1.2.8
7fae01bec000-7fae01bed000 r--p 00017000 08:01 1315548                    /lib/x86_64-linux-gnu/libz.so.1.2.8
7fae01bed000-7fae01bee000 rw-p 00018000 08:01 1315548                    /lib/x86_64-linux-gnu/libz.so.1.2.8
7fae01bee000-7fae01c07000 r-xp 00000000 08:01 1315505                    /lib/x86_64-linux-gnu/libpthread-2.19.so
7fae01c07000-7fae01e06000 ---p 00019000 08:01 1315505                    /lib/x86_64-linux-gnu/libpthread-2.19.so
7fae01e06000-7fae01e07000 r--p 00018000 08:01 1315505                    /lib/x86_64-linux-gnu/libpthread-2.19.so
7fae01e07000-7fae01e08000 rw-p 00019000 08:01 1315505                    /lib/x86_64-linux-gnu/libpthread-2.19.so
7fae01e08000-7fae01e0c000 rw-p 00000000 00:00 0 
7fae01e0c000-7fae01e0f000 r-xp 00000000 08:01 1315402                    /lib/x86_64-linux-gnu/libdl-2.19.so
7fae01e0f000-7fae0200e000 ---p 00003000 08:01 1315402                    /lib/x86_64-linux-gnu/libdl-2.19.so
7fae0200e000-7fae0200f000 r--p 00002000 08:01 1315402                    /lib/x86_64-linux-gnu/libdl-2.19.so
7fae0200f000-7fae02010000 rw-p 00003000 08:01 1315402                    /lib/x86_64-linux-gnu/libdl-2.19.so
7fae02010000-7fae021cb000 r-xp 00000000 08:01 1315385                    /lib/x86_64-linux-gnu/libc-2.19.so
7fae021cb000-7fae023ca000 ---p 001bb000 08:01 1315385                    /lib/x86_64-linux-gnu/libc-2.19.so
7fae023ca000-7fae023ce000 r--p 001ba000 08:01 1315385                    /lib/x86_64-linux-gnu/libc-2.19.so
7fae023ce000-7fae023d0000 rw-p 001be000 08:01 1315385                    /lib/x86_64-linux-gnu/libc-2.19.so
7fae023d0000-7fae023d5000 rw-p 00000000 00:00 0 
7fae023d5000-7fae023e2000 r-xp 00000000 08:01 806948                     /usr/lib/jvm/java-7-openjdk-amd64/jre/lib/amd64/jli/libjli.so
7fae023e2000-7fae025e1000 ---p 0000d000 08:01 806948                     /usr/lib/jvm/java-7-openjdk-amd64/jre/lib/amd64/jli/libjli.so
7fae025e1000-7fae025e2000 r--p 0000c000 08:01 806948                     /usr/lib/jvm/java-7-openjdk-amd64/jre/lib/amd64/jli/libjli.so
7fae025e2000-7fae025e3000 rw-p 0000d000 08:01 806948                     /usr/lib/jvm/java-7-openjdk-amd64/jre/lib/amd64/jli/libjli.so
7fae025e3000-7fae02606000 r-xp 00000000 08:01 1315361                    /lib/x86_64-linux-gnu/ld-2.19.so
7fae0261d000-7fae0261e000 rw-p 00000000 00:00 0 
7fae0261e000-7fae02622000 r--s 00034000 08:01 806976                     /usr/lib/jvm/java-7-openjdk-amd64/jre/lib/ext/sunjce_provider.jar
7fae02622000-7fae02626000 r--s 0003c000 08:01 806979                     /usr/lib/jvm/java-7-openjdk-amd64/jre/lib/ext/sunpkcs11.jar
7fae02626000-7fae02630000 rw-p 00000000 00:00 0 
7fae02630000-7fae026e6000 rw-p 00000000 00:00 0 
7fae026e6000-7fae026e9000 ---p 00000000 00:00 0 
7fae026e9000-7fae027ed000 rw-p 00000000 00:00 0                          [stack:3177]
7fae027ed000-7fae027ee000 r--s 00002000 08:01 806974                     /usr/lib/jvm/java-7-openjdk-amd64/jre/lib/ext/dnsns.jar
7fae027ee000-7fae027f1000 r--s 0000f000 08:01 806977                     /usr/lib/jvm/java-7-openjdk-amd64/jre/lib/ext/icedtea-sound.jar
7fae027f1000-7fae027f5000 r--s 00085000 08:01 806978                     /usr/lib/jvm/java-7-openjdk-amd64/jre/lib/ext/localedata.jar
7fae027f5000-7fae027f7000 r--s 00012000 08:01 806975                     /usr/lib/jvm/java-7-openjdk-amd64/jre/lib/ext/zipfs.jar
7fae027f7000-7fae027f9000 r--s 00006000 08:01 1071592                    /usr/share/java/java-atk-wrapper.jar
7fae027f9000-7fae02801000 rw-s 00000000 08:01 655371                     /tmp/hsperfdata_wsh/3176
7fae02801000-7fae02802000 rw-p 00000000 00:00 0 
7fae02802000-7fae02803000 r--p 00000000 00:00 0 
7fae02803000-7fae02805000 rw-p 00000000 00:00 0 
7fae02805000-7fae02806000 r--p 00022000 08:01 1315361                    /lib/x86_64-linux-gnu/ld-2.19.so
7fae02806000-7fae02807000 rw-p 00023000 08:01 1315361                    /lib/x86_64-linux-gnu/ld-2.19.so
7fae02807000-7fae02808000 rw-p 00000000 00:00 0 
7ffc3c67b000-7ffc3c69c000 rw-p 00000000 00:00 0                          [stack]
7ffc3c7a6000-7ffc3c7a8000 r--p 00000000 00:00 0                          [vvar]
7ffc3c7a8000-7ffc3c7aa000 r-xp 00000000 00:00 0                          [vdso]
ffffffffff600000-ffffffffff601000 r-xp 00000000 00:00 0                  [vsyscall]

VM Arguments:
java_command: CatchThrow
Launcher Type: SUN_STANDARD

Environment Variables:
PATH=/usr/local/sbin:/usr/local/bin:/usr/sbin:/usr/bin:/sbin:/bin:/usr/games:/usr/local/games
LD_LIBRARY_PATH=.
SHELL=/bin/bash
DISPLAY=:0

Signal Handlers:
SIGSEGV: [libjvm.so+0x9548f0], sa_mask[0]=0x7ffbfeff, sa_flags=0x10000004
SIGBUS: [libjvm.so+0x9548f0], sa_mask[0]=0x7ffbfeff, sa_flags=0x10000004
SIGFPE: [libjvm.so+0x7cb0b0], sa_mask[0]=0x7ffbfeff, sa_flags=0x10000004
SIGPIPE: [libjvm.so+0x7cb0b0], sa_mask[0]=0x7ffbfeff, sa_flags=0x10000004
SIGXFSZ: [libjvm.so+0x7cb0b0], sa_mask[0]=0x7ffbfeff, sa_flags=0x10000004
SIGILL: [libjvm.so+0x7cb0b0], sa_mask[0]=0x7ffbfeff, sa_flags=0x10000004
SIGUSR1: SIG_DFL, sa_mask[0]=0x00000000, sa_flags=0x00000000
SIGUSR2: [libjvm.so+0x7caf50], sa_mask[0]=0x00000000, sa_flags=0x10000004
SIGHUP: [libjvm.so+0x7cb130], sa_mask[0]=0x7ffbfeff, sa_flags=0x10000004
SIGINT: [libjvm.so+0x7cb130], sa_mask[0]=0x7ffbfeff, sa_flags=0x10000004
SIGTERM: [libjvm.so+0x7cb130], sa_mask[0]=0x7ffbfeff, sa_flags=0x10000004
SIGQUIT: [libjvm.so+0x7cb130], sa_mask[0]=0x7ffbfeff, sa_flags=0x10000004
SIGTRAP: SIG_DFL, sa_mask[0]=0x00000000, sa_flags=0x00000000


---------------  S Y S T E M  ---------------

OS:Ubuntu 14.04 (trusty)
uname:Linux 3.19.0-25-generic #26~14.04.1-Ubuntu SMP Fri Jul 24 21:16:20 UTC 2015 x86_64
libc:glibc 2.19 NPTL 2.19 
rlimit: STACK 8192k, CORE 0k, NPROC 3889, NOFILE 4096, AS infinity
load average:0.37 0.38 0.30

/proc/meminfo:
MemTotal:        1017052 kB
MemFree:           93464 kB
MemAvailable:     291932 kB
Buffers:           85668 kB
Cached:           208268 kB
SwapCached:         1216 kB
Active:           431468 kB
Inactive:         380756 kB
Active(anon):     262472 kB
Inactive(anon):   262632 kB
Active(file):     168996 kB
Inactive(file):   118124 kB
Unevictable:           0 kB
Mlocked:               0 kB
SwapTotal:        783356 kB
SwapFree:         762156 kB
Dirty:                84 kB
Writeback:             0 kB
AnonPages:        517220 kB
Mapped:            88296 kB
Shmem:              6764 kB
Slab:              65772 kB
SReclaimable:      47940 kB
SUnreclaim:        17832 kB
KernelStack:        5504 kB
PageTables:        26396 kB
NFS_Unstable:          0 kB
Bounce:                0 kB
WritebackTmp:          0 kB
CommitLimit:     1291880 kB
Committed_AS:    2816892 kB
VmallocTotal:   34359738367 kB
VmallocUsed:       23160 kB
VmallocChunk:   34359710436 kB
HardwareCorrupted:     0 kB
AnonHugePages:    192512 kB
CmaTotal:              0 kB
CmaFree:               0 kB
HugePages_Total:       0
HugePages_Free:        0
HugePages_Rsvd:        0
HugePages_Surp:        0
Hugepagesize:       2048 kB
DirectMap4k:       67520 kB
DirectMap2M:      980992 kB


CPU:total 1 (1 cores per cpu, 1 threads per core) family 6 model 58 stepping 9, cmov, cx8, fxsr, mmx, sse, sse2, sse3, ssse3, sse4.1, sse4.2, popcnt, avx, tsc, tscinvbit, tscinv

/proc/cpuinfo:
processor	: 0
vendor_id	: GenuineIntel
cpu family	: 6
model		: 58
model name	: Intel(R) Core(TM) i3-3220 CPU @ 3.30GHz
stepping	: 9
microcode	: 0x19
cpu MHz		: 3294.092
cache size	: 3072 KB
physical id	: 0
siblings	: 1
core id		: 0
cpu cores	: 1
apicid		: 0
initial apicid	: 0
fpu		: yes
fpu_exception	: yes
cpuid level	: 13
wp		: yes
flags		: fpu vme de pse tsc msr pae mce cx8 apic sep mtrr pge mca cmov pat pse36 clflush mmx fxsr sse sse2 syscall nx rdtscp lm constant_tsc rep_good nopl xtopology nonstop_tsc pni pclmulqdq monitor ssse3 cx16 sse4_1 sse4_2 popcnt xsave avx hypervisor lahf_lm
bugs		:
bogomips	: 6588.18
clflush size	: 64
cache_alignment	: 64
address sizes	: 36 bits physical, 48 bits virtual
power management:



Memory: 4k page, physical 1017052k(93464k free), swap 783356k(762156k free)

vm_info: OpenJDK 64-Bit Server VM (24.95-b01) for linux-amd64 JRE (1.7.0_95-b00), built on Mar 24 2016 06:13:32 by "buildd" with gcc 4.8.2

time: Thu May 19 14:58:56 2016
elapsed time: 0 seconds

