#
# A fatal error has been detected by the Java Runtime Environment:
#
#  SIGFPE (0x8) at pc=0x00007f1ba4dfe7b4, pid=2771, tid=139756904326912
#
# JRE version: OpenJDK Runtime Environment (7.0_95) (build 1.7.0_95-b00)
# Java VM: OpenJDK 64-Bit Server VM (24.95-b01 mixed mode linux-amd64 compressed oops)
# Derivative: IcedTea 2.6.4
# Distribution: Ubuntu 14.04 LTS, package 7u95-2.6.4-0ubuntu0.14.04.2
# Problematic frame:
# C  [libCatchThrow.so+0x7b4]  Java_CatchThrow_doit+0x1f
#
# Failed to write core dump. Core dumps have been disabled. To enable core dumping, try "ulimit -c unlimited" before starting Java again
#
# If you would like to submit a bug report, please include
# instructions on how to reproduce the bug and visit:
#   http://icedtea.classpath.org/bugzilla
# The crash happened outside the Java Virtual Machine in native code.
# See problematic frame for where to report the bug.
#

---------------  T H R E A D  ---------------

Current thread (0x00007f1ba800a000):  JavaThread "main" [_thread_in_native, id=2772, stack(0x00007f1bb0932000,0x00007f1bb0a33000)]

siginfo:si_signo=SIGFPE: si_errno=0, si_code=1 (FPE_INTDIV), si_addr=0x00007f1ba4dfe7b4

Registers:
RAX=0x0000000000000002, RBX=0x00000000f5cab628, RCX=0x0000000000000000, RDX=0x0000000000000000
RSP=0x00007f1bb0a31920, RBP=0x00007f1bb0a31920, RSI=0x00007f1bb0a319a0, RDI=0x00007f1ba800a1d8
R8 =0x00007f1ba808e360, R9 =0x00007f1bad29deea, R10=0x00007f1ba5012d4c, R11=0x00007f1baf677eb0
R12=0x0000000000000000, R13=0x00000000f5cab620, R14=0x00007f1bb0a319a0, R15=0x00007f1ba800a000
RIP=0x00007f1ba4dfe7b4, EFLAGS=0x0000000000010283, CSGSFS=0x0000000000000033, ERR=0x0000000000000000
  TRAPNO=0x0000000000000000

Top of Stack: (sp=0x00007f1bb0a31920)
0x00007f1bb0a31920:   00007f1bb0a31980 00007f1ba5012d78
0x00007f1bb0a31930:   00007f1bfffffffe 0000000000000000
0x00007f1bb0a31940:   00007f1bb0a31940 00000000f5cab620
0x00007f1bb0a31950:   00007f1bb0a319a0 00000000f5cabae0
0x00007f1bb0a31960:   0000000000000000 00000000f5cab628
0x00007f1bb0a31970:   0000000000000000 00007f1bb0a319a0
0x00007f1bb0a31980:   00007f1bb0a319e8 00007f1ba5006058
0x00007f1bb0a31990:   0000000000000000 00007f1ba500ecb8
0x00007f1bb0a319a0:   00000000d684f108 00007f1bb0a319a8
0x00007f1bb0a319b0:   00000000f5cab729 00007f1bb0a31a08
0x00007f1bb0a319c0:   00000000f5cabae0 0000000000000000
0x00007f1bb0a319d0:   00000000f5cab760 00007f1bb0a319a0
0x00007f1bb0a319e0:   00007f1bb0a31a08 00007f1bb0a31a70
0x00007f1bb0a319f0:   00007f1ba50004e7 0000000000000000
0x00007f1bb0a31a00:   00000000d684f108 00000000d684f0f8
0x00007f1bb0a31a10:   00007f1b00001fa0 00007f1bb0a31ab0
0x00007f1bb0a31a20:   00007f1bb0a31cf0 00007f1bb0a31c30
0x00007f1bb0a31a30:   00007f1ba800a000 00007f1ba800a9f0
0x00007f1bb0a31a40:   00007f1bb0a31af0 00007f1bb0a31cf8
0x00007f1bb0a31a50:   00007f1b0000000a 00000000f5cab760
0x00007f1bb0a31a60:   00007f1ba5010340 00007f1bb0a31c38
0x00007f1bb0a31a70:   00007f1bb0a31b60 00007f1baf3ffc89
0x00007f1bb0a31a80:   00007f1b00000001 00007f1ba800a000
0x00007f1bb0a31a90:   00007f1ba800a9e0 00007f1bb0a31af0
0x00007f1bb0a31aa0:   00007f1ba5010340 000000000000000a
0x00007f1bb0a31ab0:   00007f1ba800a000 00007f1ba8007430
0x00007f1bb0a31ac0:   00007f1ba800a9e0 00007f1ba800a9f8
0x00007f1bb0a31ad0:   00007f1ba800adc8 00000000000003d8
0x00007f1bb0a31ae0:   00007f1ba8007470 31fc9b6b2ba21100
0x00007f1bb0a31af0:   00007f1ba800a000 00007f1ba800b570
0x00007f1bb0a31b00:   00000000f5cab760 0000000000000000
0x00007f1bb0a31b10:   0000000000000000 0000000000000000 

Instructions: (pc=0x00007f1ba4dfe7b4)
0x00007f1ba4dfe794:   ff 55 48 89 e5 48 89 7d e8 48 89 75 e0 c7 45 f8
0x00007f1ba4dfe7a4:   05 00 00 00 8b 45 f8 8d 48 fb b8 02 00 00 00 99
0x00007f1ba4dfe7b4:   f7 f9 89 45 fc 5d c3 55 48 89 e5 48 83 ec 10 89
0x00007f1ba4dfe7c4:   7d fc 89 75 f8 83 7d fc 01 75 32 81 7d f8 ff ff 

Register to memory mapping:

RAX=0x0000000000000002 is an unknown value
RBX=0x00000000f5cab628 is an oop
{method} 
 - klass: {other class}
RCX=0x0000000000000000 is an unknown value
RDX=0x0000000000000000 is an unknown value
RSP=0x00007f1bb0a31920 is pointing into the stack for thread: 0x00007f1ba800a000
RBP=0x00007f1bb0a31920 is pointing into the stack for thread: 0x00007f1ba800a000
RSI=0x00007f1bb0a319a0 is pointing into the stack for thread: 0x00007f1ba800a000
RDI=0x00007f1ba800a1d8 is an unknown value
R8 =0x00007f1ba808e360 is an unknown value
R9 =0x00007f1bad29deea is an unknown value
R10=0x00007f1ba5012d4c is at code_begin+620 in an Interpreter codelet
method entry point (kind = native)  [0x00007f1ba5012ae0, 0x00007f1ba5013320]  2112 bytes
R11=0x00007f1baf677eb0: <offset 0x865eb0> in /usr/lib/jvm/java-7-openjdk-amd64/jre/lib/amd64/server/libjvm.so at 0x00007f1baee12000
R12=0x0000000000000000 is an unknown value
R13=0x00000000f5cab620 is pointing into object: 0x00000000f5cab5e0
{constMethod} 
 - klass: {other class}
 - constants:       0x00000000f5cab268 constant pool [62] for 'CatchThrow' cache=0x00000000f5cabae0
R14=0x00007f1bb0a319a0 is pointing into the stack for thread: 0x00007f1ba800a000
R15=0x00007f1ba800a000 is a thread


Stack: [0x00007f1bb0932000,0x00007f1bb0a33000],  sp=0x00007f1bb0a31920,  free space=1022k
Native frames: (J=compiled Java code, j=interpreted, Vv=VM code, C=native code)
C  [libCatchThrow.so+0x7b4]  Java_CatchThrow_doit+0x1f
j  CatchThrow.doit()V+0
j  CatchThrow.main([Ljava/lang/String;)V+9
v  ~StubRoutines::call_stub
V  [libjvm.so+0x5edc89]
V  [libjvm.so+0x5ed728]
V  [libjvm.so+0x5fd04b]
V  [libjvm.so+0x60e0e8]
C  [libjli.so+0x31f9]

Java frames: (J=compiled Java code, j=interpreted, Vv=VM code)
j  CatchThrow.doit()V+0
j  CatchThrow.main([Ljava/lang/String;)V+9
v  ~StubRoutines::call_stub

---------------  P R O C E S S  ---------------

Java Threads: ( => current thread )
  0x00007f1ba80a6000 JavaThread "Service Thread" daemon [_thread_blocked, id=2779, stack(0x00007f1bac241000,0x00007f1bac342000)]
  0x00007f1ba80a3000 JavaThread "C2 CompilerThread1" daemon [_thread_blocked, id=2778, stack(0x00007f1bac342000,0x00007f1bac443000)]
  0x00007f1ba80a1000 JavaThread "C2 CompilerThread0" daemon [_thread_blocked, id=2777, stack(0x00007f1bac443000,0x00007f1bac544000)]
  0x00007f1ba809f000 JavaThread "Signal Dispatcher" daemon [_thread_blocked, id=2776, stack(0x00007f1bac544000,0x00007f1bac645000)]
  0x00007f1ba8072000 JavaThread "Finalizer" daemon [_thread_blocked, id=2775, stack(0x00007f1bacd27000,0x00007f1bace28000)]
  0x00007f1ba8070000 JavaThread "Reference Handler" daemon [_thread_blocked, id=2774, stack(0x00007f1bace28000,0x00007f1bacf29000)]
=>0x00007f1ba800a000 JavaThread "main" [_thread_in_native, id=2772, stack(0x00007f1bb0932000,0x00007f1bb0a33000)]

Other Threads:
  0x00007f1ba806b800 VMThread [stack: 0x00007f1bacf29000,0x00007f1bad02a000] [id=2773]
  0x00007f1ba80b1000 WatcherThread [stack: 0x00007f1bac140000,0x00007f1bac241000] [id=2780]

VM state:not at safepoint (normal execution)

VM Mutex/Monitor currently owned by a thread: None

Heap
 def new generation   total 4800K, used 343K [0x00000000d6800000, 0x00000000d6d30000, 0x00000000e0e00000)
  eden space 4288K,   8% used [0x00000000d6800000, 0x00000000d6855f58, 0x00000000d6c30000)
  from space 512K,   0% used [0x00000000d6c30000, 0x00000000d6c30000, 0x00000000d6cb0000)
  to   space 512K,   0% used [0x00000000d6cb0000, 0x00000000d6cb0000, 0x00000000d6d30000)
 tenured generation   total 10624K, used 0K [0x00000000e0e00000, 0x00000000e1860000, 0x00000000f5a00000)
   the space 10624K,   0% used [0x00000000e0e00000, 0x00000000e0e00000, 0x00000000e0e00200, 0x00000000e1860000)
 compacting perm gen  total 21248K, used 2739K [0x00000000f5a00000, 0x00000000f6ec0000, 0x0000000100000000)
   the space 21248K,  12% used [0x00000000f5a00000, 0x00000000f5cacd10, 0x00000000f5cace00, 0x00000000f6ec0000)
No shared spaces configured.

Card table byte_map: [0x00007f1bad418000,0x00007f1bad565000] byte_map_base: 0x00007f1bacd64000

Polling page: 0x00007f1bb0a4e000

Code Cache  [0x00007f1ba5000000, 0x00007f1ba5270000, 0x00007f1ba8000000)
 total_blobs=166 nmethods=0 adapters=135 free_code_cache=48774Kb largest_free_block=49944640

Compilation events (0 events):
No events

GC Heap History (0 events):
No events

Deoptimization events (0 events):
No events

Internal exceptions (5 events):
Event: 0.050 Thread 0x00007f1ba800a000 Threw 0x00000000d680f268 at /build/openjdk-7-HVzwJZ/openjdk-7-7u95-2.6.4/build/openjdk/hotspot/src/share/vm/prims/jni.cpp:4027
Event: 0.087 Thread 0x00007f1ba800a000 Threw 0x00000000d6843398 at /build/openjdk-7-HVzwJZ/openjdk-7-7u95-2.6.4/build/openjdk/hotspot/src/share/vm/prims/jni.cpp:721
Event: 0.087 Thread 0x00007f1ba800a000 Threw 0x00000000d6843518 at /build/openjdk-7-HVzwJZ/openjdk-7-7u95-2.6.4/build/openjdk/hotspot/src/share/vm/prims/jvm.cpp:1322
Event: 0.087 Thread 0x00007f1ba800a000 Threw 0x00000000d6843640 at /build/openjdk-7-HVzwJZ/openjdk-7-7u95-2.6.4/build/openjdk/hotspot/src/share/vm/prims/jvm.cpp:1322
Event: 0.088 Thread 0x00007f1ba800a000 Threw 0x00000000d6849818 at /build/openjdk-7-HVzwJZ/openjdk-7-7u95-2.6.4/build/openjdk/hotspot/src/share/vm/prims/jvm.cpp:1322

Events (10 events):
Event: 0.091 loading class 0x00007f1bad2ae3f0
Event: 0.091 loading class 0x00007f1bad2ae3f0 done
Event: 0.091 loading class 0x00007f1ba80b51d0
Event: 0.091 loading class 0x00007f1ba80b51d0 done
Event: 0.092 loading class 0x00007f1bad2c6420
Event: 0.092 loading class 0x00007f1bad2c6420 done
Event: 0.092 loading class 0x00007f1bad2aa220
Event: 0.092 loading class 0x00007f1bad2aa220 done
Event: 0.092 loading class 0x00007f1bad2aad10
Event: 0.092 loading class 0x00007f1bad2aad10 done


Dynamic libraries:
00400000-00401000 r-xp 00000000 08:01 806747                             /usr/lib/jvm/java-7-openjdk-amd64/jre/bin/java
00600000-00601000 r--p 00000000 08:01 806747                             /usr/lib/jvm/java-7-openjdk-amd64/jre/bin/java
00601000-00602000 rw-p 00001000 08:01 806747                             /usr/lib/jvm/java-7-openjdk-amd64/jre/bin/java
018be000-018df000 rw-p 00000000 00:00 0                                  [heap]
d6800000-d6d30000 rw-p 00000000 00:00 0 
d6d30000-e0e00000 rw-p 00000000 00:00 0 
e0e00000-e1860000 rw-p 00000000 00:00 0 
e1860000-f5a00000 rw-p 00000000 00:00 0 
f5a00000-f6ec0000 rw-p 00000000 00:00 0 
f6ec0000-100000000 rw-p 00000000 00:00 0 
7f1b88000000-7f1b88021000 rw-p 00000000 00:00 0 
7f1b88021000-7f1b8c000000 ---p 00000000 00:00 0 
7f1b8c000000-7f1b8c021000 rw-p 00000000 00:00 0 
7f1b8c021000-7f1b90000000 ---p 00000000 00:00 0 
7f1b90000000-7f1b90021000 rw-p 00000000 00:00 0 
7f1b90021000-7f1b94000000 ---p 00000000 00:00 0 
7f1b94000000-7f1b94021000 rw-p 00000000 00:00 0 
7f1b94021000-7f1b98000000 ---p 00000000 00:00 0 
7f1b98000000-7f1b98021000 rw-p 00000000 00:00 0 
7f1b98021000-7f1b9c000000 ---p 00000000 00:00 0 
7f1b9c000000-7f1b9c021000 rw-p 00000000 00:00 0 
7f1b9c021000-7f1ba0000000 ---p 00000000 00:00 0 
7f1ba0000000-7f1ba0021000 rw-p 00000000 00:00 0 
7f1ba0021000-7f1ba4000000 ---p 00000000 00:00 0 
7f1ba4dfe000-7f1ba4dff000 r-xp 00000000 08:01 1351976                    /home/wsh/JNI/JNI_CPP/TryCatchCPP/libCatchThrow.so
7f1ba4dff000-7f1ba4ffe000 ---p 00001000 08:01 1351976                    /home/wsh/JNI/JNI_CPP/TryCatchCPP/libCatchThrow.so
7f1ba4ffe000-7f1ba4fff000 r--p 00000000 08:01 1351976                    /home/wsh/JNI/JNI_CPP/TryCatchCPP/libCatchThrow.so
7f1ba4fff000-7f1ba5000000 rw-p 00001000 08:01 1351976                    /home/wsh/JNI/JNI_CPP/TryCatchCPP/libCatchThrow.so
7f1ba5000000-7f1ba5270000 rwxp 00000000 00:00 0 
7f1ba5270000-7f1ba80fe000 rw-p 00000000 00:00 0 
7f1ba80fe000-7f1bac000000 ---p 00000000 00:00 0 
7f1bac140000-7f1bac141000 ---p 00000000 00:00 0 
7f1bac141000-7f1bac241000 rw-p 00000000 00:00 0                          [stack:2780]
7f1bac241000-7f1bac244000 ---p 00000000 00:00 0 
7f1bac244000-7f1bac342000 rw-p 00000000 00:00 0                          [stack:2779]
7f1bac342000-7f1bac345000 ---p 00000000 00:00 0 
7f1bac345000-7f1bac443000 rw-p 00000000 00:00 0                          [stack:2778]
7f1bac443000-7f1bac446000 ---p 00000000 00:00 0 
7f1bac446000-7f1bac544000 rw-p 00000000 00:00 0                          [stack:2777]
7f1bac544000-7f1bac547000 ---p 00000000 00:00 0 
7f1bac547000-7f1bac645000 rw-p 00000000 00:00 0                          [stack:2776]
7f1bac645000-7f1bacd27000 r--p 00000000 08:01 794747                     /usr/lib/locale/locale-archive
7f1bacd27000-7f1bacd2a000 ---p 00000000 00:00 0 
7f1bacd2a000-7f1bace28000 rw-p 00000000 00:00 0                          [stack:2775]
7f1bace28000-7f1bace2b000 ---p 00000000 00:00 0 
7f1bace2b000-7f1bacf29000 rw-p 00000000 00:00 0                          [stack:2774]
7f1bacf29000-7f1bacf2a000 ---p 00000000 00:00 0 
7f1bacf2a000-7f1bad073000 rw-p 00000000 00:00 0                          [stack:2773]
7f1bad073000-7f1bad224000 r--s 01d30000 08:01 806964                     /usr/lib/jvm/java-7-openjdk-amd64/jre/lib/rt.jar
7f1bad224000-7f1bad328000 rw-p 00000000 00:00 0 
7f1bad328000-7f1bad371000 rw-p 00000000 00:00 0 
7f1bad371000-7f1bad377000 rw-p 00000000 00:00 0 
7f1bad377000-7f1bad418000 rw-p 00000000 00:00 0 
7f1bad418000-7f1bad41b000 rw-p 00000000 00:00 0 
7f1bad41b000-7f1bad46b000 rw-p 00000000 00:00 0 
7f1bad46b000-7f1bad471000 rw-p 00000000 00:00 0 
7f1bad471000-7f1bad511000 rw-p 00000000 00:00 0 
7f1bad511000-7f1bad51c000 rw-p 00000000 00:00 0 
7f1bad51c000-7f1bad564000 rw-p 00000000 00:00 0 
7f1bad564000-7f1bad565000 rw-p 00000000 00:00 0 
7f1bad565000-7f1bad56d000 r-xp 00000000 08:01 806935                     /usr/lib/jvm/java-7-openjdk-amd64/jre/lib/amd64/libzip.so
7f1bad56d000-7f1bad76c000 ---p 00008000 08:01 806935                     /usr/lib/jvm/java-7-openjdk-amd64/jre/lib/amd64/libzip.so
7f1bad76c000-7f1bad76d000 r--p 00007000 08:01 806935                     /usr/lib/jvm/java-7-openjdk-amd64/jre/lib/amd64/libzip.so
7f1bad76d000-7f1bad76e000 rw-p 00008000 08:01 806935                     /usr/lib/jvm/java-7-openjdk-amd64/jre/lib/amd64/libzip.so
7f1bad76e000-7f1bad779000 r-xp 00000000 08:01 1315460                    /lib/x86_64-linux-gnu/libnss_files-2.19.so
7f1bad779000-7f1bad978000 ---p 0000b000 08:01 1315460                    /lib/x86_64-linux-gnu/libnss_files-2.19.so
7f1bad978000-7f1bad979000 r--p 0000a000 08:01 1315460                    /lib/x86_64-linux-gnu/libnss_files-2.19.so
7f1bad979000-7f1bad97a000 rw-p 0000b000 08:01 1315460                    /lib/x86_64-linux-gnu/libnss_files-2.19.so
7f1bad97a000-7f1bad985000 r-xp 00000000 08:01 1315470                    /lib/x86_64-linux-gnu/libnss_nis-2.19.so
7f1bad985000-7f1badb84000 ---p 0000b000 08:01 1315470                    /lib/x86_64-linux-gnu/libnss_nis-2.19.so
7f1badb84000-7f1badb85000 r--p 0000a000 08:01 1315470                    /lib/x86_64-linux-gnu/libnss_nis-2.19.so
7f1badb85000-7f1badb86000 rw-p 0000b000 08:01 1315470                    /lib/x86_64-linux-gnu/libnss_nis-2.19.so
7f1badb86000-7f1badb9d000 r-xp 00000000 08:01 1315454                    /lib/x86_64-linux-gnu/libnsl-2.19.so
7f1badb9d000-7f1badd9c000 ---p 00017000 08:01 1315454                    /lib/x86_64-linux-gnu/libnsl-2.19.so
7f1badd9c000-7f1badd9d000 r--p 00016000 08:01 1315454                    /lib/x86_64-linux-gnu/libnsl-2.19.so
7f1badd9d000-7f1badd9e000 rw-p 00017000 08:01 1315454                    /lib/x86_64-linux-gnu/libnsl-2.19.so
7f1badd9e000-7f1badda0000 rw-p 00000000 00:00 0 
7f1badda0000-7f1badda9000 r-xp 00000000 08:01 1315456                    /lib/x86_64-linux-gnu/libnss_compat-2.19.so
7f1badda9000-7f1badfa8000 ---p 00009000 08:01 1315456                    /lib/x86_64-linux-gnu/libnss_compat-2.19.so
7f1badfa8000-7f1badfa9000 r--p 00008000 08:01 1315456                    /lib/x86_64-linux-gnu/libnss_compat-2.19.so
7f1badfa9000-7f1badfaa000 rw-p 00009000 08:01 1315456                    /lib/x86_64-linux-gnu/libnss_compat-2.19.so
7f1badfaa000-7f1badfd5000 r-xp 00000000 08:01 806921                     /usr/lib/jvm/java-7-openjdk-amd64/jre/lib/amd64/libjava.so
7f1badfd5000-7f1bae1d5000 ---p 0002b000 08:01 806921                     /usr/lib/jvm/java-7-openjdk-amd64/jre/lib/amd64/libjava.so
7f1bae1d5000-7f1bae1d6000 r--p 0002b000 08:01 806921                     /usr/lib/jvm/java-7-openjdk-amd64/jre/lib/amd64/libjava.so
7f1bae1d6000-7f1bae1d8000 rw-p 0002c000 08:01 806921                     /usr/lib/jvm/java-7-openjdk-amd64/jre/lib/amd64/libjava.so
7f1bae1d8000-7f1bae1e8000 r-xp 00000000 08:01 806922                     /usr/lib/jvm/java-7-openjdk-amd64/jre/lib/amd64/libverify.so
7f1bae1e8000-7f1bae3e7000 ---p 00010000 08:01 806922                     /usr/lib/jvm/java-7-openjdk-amd64/jre/lib/amd64/libverify.so
7f1bae3e7000-7f1bae3e9000 r--p 0000f000 08:01 806922                     /usr/lib/jvm/java-7-openjdk-amd64/jre/lib/amd64/libverify.so
7f1bae3e9000-7f1bae3ea000 rw-p 00011000 08:01 806922                     /usr/lib/jvm/java-7-openjdk-amd64/jre/lib/amd64/libverify.so
7f1bae3ea000-7f1bae3f1000 r-xp 00000000 08:01 1315513                    /lib/x86_64-linux-gnu/librt-2.19.so
7f1bae3f1000-7f1bae5f0000 ---p 00007000 08:01 1315513                    /lib/x86_64-linux-gnu/librt-2.19.so
7f1bae5f0000-7f1bae5f1000 r--p 00006000 08:01 1315513                    /lib/x86_64-linux-gnu/librt-2.19.so
7f1bae5f1000-7f1bae5f2000 rw-p 00007000 08:01 1315513                    /lib/x86_64-linux-gnu/librt-2.19.so
7f1bae5f2000-7f1bae608000 r-xp 00000000 08:01 1315412                    /lib/x86_64-linux-gnu/libgcc_s.so.1
7f1bae608000-7f1bae807000 ---p 00016000 08:01 1315412                    /lib/x86_64-linux-gnu/libgcc_s.so.1
7f1bae807000-7f1bae808000 rw-p 00015000 08:01 1315412                    /lib/x86_64-linux-gnu/libgcc_s.so.1
7f1bae808000-7f1bae90d000 r-xp 00000000 08:01 1315435                    /lib/x86_64-linux-gnu/libm-2.19.so
7f1bae90d000-7f1baeb0c000 ---p 00105000 08:01 1315435                    /lib/x86_64-linux-gnu/libm-2.19.so
7f1baeb0c000-7f1baeb0d000 r--p 00104000 08:01 1315435                    /lib/x86_64-linux-gnu/libm-2.19.so
7f1baeb0d000-7f1baeb0e000 rw-p 00105000 08:01 1315435                    /lib/x86_64-linux-gnu/libm-2.19.so
7f1baeb0e000-7f1baebf4000 r-xp 00000000 08:01 786702                     /usr/lib/x86_64-linux-gnu/libstdc++.so.6.0.19
7f1baebf4000-7f1baedf3000 ---p 000e6000 08:01 786702                     /usr/lib/x86_64-linux-gnu/libstdc++.so.6.0.19
7f1baedf3000-7f1baedfb000 r--p 000e5000 08:01 786702                     /usr/lib/x86_64-linux-gnu/libstdc++.so.6.0.19
7f1baedfb000-7f1baedfd000 rw-p 000ed000 08:01 786702                     /usr/lib/x86_64-linux-gnu/libstdc++.so.6.0.19
7f1baedfd000-7f1baee12000 rw-p 00000000 00:00 0 
7f1baee12000-7f1baf936000 r-xp 00000000 08:01 806933                     /usr/lib/jvm/java-7-openjdk-amd64/jre/lib/amd64/server/libjvm.so
7f1baf936000-7f1bafb36000 ---p 00b24000 08:01 806933                     /usr/lib/jvm/java-7-openjdk-amd64/jre/lib/amd64/server/libjvm.so
7f1bafb36000-7f1bafbd0000 r--p 00b24000 08:01 806933                     /usr/lib/jvm/java-7-openjdk-amd64/jre/lib/amd64/server/libjvm.so
7f1bafbd0000-7f1bafbf3000 rw-p 00bbe000 08:01 806933                     /usr/lib/jvm/java-7-openjdk-amd64/jre/lib/amd64/server/libjvm.so
7f1bafbf3000-7f1bafc21000 rw-p 00000000 00:00 0 
7f1bafc21000-7f1bafc39000 r-xp 00000000 08:01 1315548                    /lib/x86_64-linux-gnu/libz.so.1.2.8
7f1bafc39000-7f1bafe38000 ---p 00018000 08:01 1315548                    /lib/x86_64-linux-gnu/libz.so.1.2.8
7f1bafe38000-7f1bafe39000 r--p 00017000 08:01 1315548                    /lib/x86_64-linux-gnu/libz.so.1.2.8
7f1bafe39000-7f1bafe3a000 rw-p 00018000 08:01 1315548                    /lib/x86_64-linux-gnu/libz.so.1.2.8
7f1bafe3a000-7f1bafe53000 r-xp 00000000 08:01 1315505                    /lib/x86_64-linux-gnu/libpthread-2.19.so
7f1bafe53000-7f1bb0052000 ---p 00019000 08:01 1315505                    /lib/x86_64-linux-gnu/libpthread-2.19.so
7f1bb0052000-7f1bb0053000 r--p 00018000 08:01 1315505                    /lib/x86_64-linux-gnu/libpthread-2.19.so
7f1bb0053000-7f1bb0054000 rw-p 00019000 08:01 1315505                    /lib/x86_64-linux-gnu/libpthread-2.19.so
7f1bb0054000-7f1bb0058000 rw-p 00000000 00:00 0 
7f1bb0058000-7f1bb005b000 r-xp 00000000 08:01 1315402                    /lib/x86_64-linux-gnu/libdl-2.19.so
7f1bb005b000-7f1bb025a000 ---p 00003000 08:01 1315402                    /lib/x86_64-linux-gnu/libdl-2.19.so
7f1bb025a000-7f1bb025b000 r--p 00002000 08:01 1315402                    /lib/x86_64-linux-gnu/libdl-2.19.so
7f1bb025b000-7f1bb025c000 rw-p 00003000 08:01 1315402                    /lib/x86_64-linux-gnu/libdl-2.19.so
7f1bb025c000-7f1bb0417000 r-xp 00000000 08:01 1315385                    /lib/x86_64-linux-gnu/libc-2.19.so
7f1bb0417000-7f1bb0616000 ---p 001bb000 08:01 1315385                    /lib/x86_64-linux-gnu/libc-2.19.so
7f1bb0616000-7f1bb061a000 r--p 001ba000 08:01 1315385                    /lib/x86_64-linux-gnu/libc-2.19.so
7f1bb061a000-7f1bb061c000 rw-p 001be000 08:01 1315385                    /lib/x86_64-linux-gnu/libc-2.19.so
7f1bb061c000-7f1bb0621000 rw-p 00000000 00:00 0 
7f1bb0621000-7f1bb062e000 r-xp 00000000 08:01 806948                     /usr/lib/jvm/java-7-openjdk-amd64/jre/lib/amd64/jli/libjli.so
7f1bb062e000-7f1bb082d000 ---p 0000d000 08:01 806948                     /usr/lib/jvm/java-7-openjdk-amd64/jre/lib/amd64/jli/libjli.so
7f1bb082d000-7f1bb082e000 r--p 0000c000 08:01 806948                     /usr/lib/jvm/java-7-openjdk-amd64/jre/lib/amd64/jli/libjli.so
7f1bb082e000-7f1bb082f000 rw-p 0000d000 08:01 806948                     /usr/lib/jvm/java-7-openjdk-amd64/jre/lib/amd64/jli/libjli.so
7f1bb082f000-7f1bb0852000 r-xp 00000000 08:01 1315361                    /lib/x86_64-linux-gnu/ld-2.19.so
7f1bb0869000-7f1bb086a000 rw-p 00000000 00:00 0 
7f1bb086a000-7f1bb086e000 r--s 00034000 08:01 806976                     /usr/lib/jvm/java-7-openjdk-amd64/jre/lib/ext/sunjce_provider.jar
7f1bb086e000-7f1bb0872000 r--s 0003c000 08:01 806979                     /usr/lib/jvm/java-7-openjdk-amd64/jre/lib/ext/sunpkcs11.jar
7f1bb0872000-7f1bb087c000 rw-p 00000000 00:00 0 
7f1bb087c000-7f1bb0932000 rw-p 00000000 00:00 0 
7f1bb0932000-7f1bb0935000 ---p 00000000 00:00 0 
7f1bb0935000-7f1bb0a39000 rw-p 00000000 00:00 0                          [stack:2772]
7f1bb0a39000-7f1bb0a3a000 r--s 00002000 08:01 806974                     /usr/lib/jvm/java-7-openjdk-amd64/jre/lib/ext/dnsns.jar
7f1bb0a3a000-7f1bb0a3d000 r--s 0000f000 08:01 806977                     /usr/lib/jvm/java-7-openjdk-amd64/jre/lib/ext/icedtea-sound.jar
7f1bb0a3d000-7f1bb0a41000 r--s 00085000 08:01 806978                     /usr/lib/jvm/java-7-openjdk-amd64/jre/lib/ext/localedata.jar
7f1bb0a41000-7f1bb0a43000 r--s 00012000 08:01 806975                     /usr/lib/jvm/java-7-openjdk-amd64/jre/lib/ext/zipfs.jar
7f1bb0a43000-7f1bb0a45000 r--s 00006000 08:01 1071592                    /usr/share/java/java-atk-wrapper.jar
7f1bb0a45000-7f1bb0a4d000 rw-s 00000000 08:01 655858                     /tmp/hsperfdata_wsh/2771
7f1bb0a4d000-7f1bb0a4e000 rw-p 00000000 00:00 0 
7f1bb0a4e000-7f1bb0a4f000 r--p 00000000 00:00 0 
7f1bb0a4f000-7f1bb0a51000 rw-p 00000000 00:00 0 
7f1bb0a51000-7f1bb0a52000 r--p 00022000 08:01 1315361                    /lib/x86_64-linux-gnu/ld-2.19.so
7f1bb0a52000-7f1bb0a53000 rw-p 00023000 08:01 1315361                    /lib/x86_64-linux-gnu/ld-2.19.so
7f1bb0a53000-7f1bb0a54000 rw-p 00000000 00:00 0 
7ffe5ff86000-7ffe5ffa7000 rw-p 00000000 00:00 0                          [stack]
7ffe5ffe4000-7ffe5ffe6000 r--p 00000000 00:00 0                          [vvar]
7ffe5ffe6000-7ffe5ffe8000 r-xp 00000000 00:00 0                          [vdso]
ffffffffff600000-ffffffffff601000 r-xp 00000000 00:00 0                  [vsyscall]

VM Arguments:
java_command: CatchThrow
Launcher Type: SUN_STANDARD

Environment Variables:
PATH=/usr/local/sbin:/usr/local/bin:/usr/sbin:/usr/bin:/sbin:/bin:/usr/games:/usr/local/games
LD_LIBRARY_PATH=.
SHELL=/bin/bash
DISPLAY=:0

Signal Handlers:
SIGSEGV: [libjvm.so+0x9548f0], sa_mask[0]=0x7ffbfeff, sa_flags=0x10000004
SIGBUS: [libjvm.so+0x9548f0], sa_mask[0]=0x7ffbfeff, sa_flags=0x10000004
SIGFPE: [libjvm.so+0x7cb0b0], sa_mask[0]=0x7ffbfeff, sa_flags=0x10000004
SIGPIPE: [libjvm.so+0x7cb0b0], sa_mask[0]=0x7ffbfeff, sa_flags=0x10000004
SIGXFSZ: [libjvm.so+0x7cb0b0], sa_mask[0]=0x7ffbfeff, sa_flags=0x10000004
SIGILL: [libjvm.so+0x7cb0b0], sa_mask[0]=0x7ffbfeff, sa_flags=0x10000004
SIGUSR1: SIG_DFL, sa_mask[0]=0x00000000, sa_flags=0x00000000
SIGUSR2: [libjvm.so+0x7caf50], sa_mask[0]=0x00000000, sa_flags=0x10000004
SIGHUP: [libjvm.so+0x7cb130], sa_mask[0]=0x7ffbfeff, sa_flags=0x10000004
SIGINT: [libjvm.so+0x7cb130], sa_mask[0]=0x7ffbfeff, sa_flags=0x10000004
SIGTERM: [libjvm.so+0x7cb130], sa_mask[0]=0x7ffbfeff, sa_flags=0x10000004
SIGQUIT: [libjvm.so+0x7cb130], sa_mask[0]=0x7ffbfeff, sa_flags=0x10000004
SIGTRAP: SIG_DFL, sa_mask[0]=0x00000000, sa_flags=0x00000000


---------------  S Y S T E M  ---------------

OS:Ubuntu 14.04 (trusty)
uname:Linux 3.19.0-25-generic #26~14.04.1-Ubuntu SMP Fri Jul 24 21:16:20 UTC 2015 x86_64
libc:glibc 2.19 NPTL 2.19 
rlimit: STACK 8192k, CORE 0k, NPROC 3889, NOFILE 4096, AS infinity
load average:0.40 0.22 0.20

/proc/meminfo:
MemTotal:        1017052 kB
MemFree:           94688 kB
MemAvailable:     331212 kB
Buffers:           21840 kB
Cached:           321484 kB
SwapCached:          132 kB
Active:           453560 kB
Inactive:         381472 kB
Active(anon):     243344 kB
Inactive(anon):   255432 kB
Active(file):     210216 kB
Inactive(file):   126040 kB
Unevictable:           0 kB
Mlocked:               0 kB
SwapTotal:        783356 kB
SwapFree:         780384 kB
Dirty:                68 kB
Writeback:             0 kB
AnonPages:        491656 kB
Mapped:           155836 kB
Shmem:              7044 kB
Slab:              43344 kB
SReclaimable:      25780 kB
SUnreclaim:        17564 kB
KernelStack:        5488 kB
PageTables:        25472 kB
NFS_Unstable:          0 kB
Bounce:                0 kB
WritebackTmp:          0 kB
CommitLimit:     1291880 kB
Committed_AS:    2617696 kB
VmallocTotal:   34359738367 kB
VmallocUsed:       23160 kB
VmallocChunk:   34359710436 kB
HardwareCorrupted:     0 kB
AnonHugePages:    188416 kB
CmaTotal:              0 kB
CmaFree:               0 kB
HugePages_Total:       0
HugePages_Free:        0
HugePages_Rsvd:        0
HugePages_Surp:        0
Hugepagesize:       2048 kB
DirectMap4k:       67520 kB
DirectMap2M:      980992 kB


CPU:total 1 (1 cores per cpu, 1 threads per core) family 6 model 58 stepping 9, cmov, cx8, fxsr, mmx, sse, sse2, sse3, ssse3, sse4.1, sse4.2, popcnt, avx, tsc, tscinvbit, tscinv

/proc/cpuinfo:
processor	: 0
vendor_id	: GenuineIntel
cpu family	: 6
model		: 58
model name	: Intel(R) Core(TM) i3-3220 CPU @ 3.30GHz
stepping	: 9
microcode	: 0x19
cpu MHz		: 3294.092
cache size	: 3072 KB
physical id	: 0
siblings	: 1
core id		: 0
cpu cores	: 1
apicid		: 0
initial apicid	: 0
fpu		: yes
fpu_exception	: yes
cpuid level	: 13
wp		: yes
flags		: fpu vme de pse tsc msr pae mce cx8 apic sep mtrr pge mca cmov pat pse36 clflush mmx fxsr sse sse2 syscall nx rdtscp lm constant_tsc rep_good nopl xtopology nonstop_tsc pni pclmulqdq monitor ssse3 cx16 sse4_1 sse4_2 popcnt xsave avx hypervisor lahf_lm
bugs		:
bogomips	: 6588.18
clflush size	: 64
cache_alignment	: 64
address sizes	: 36 bits physical, 48 bits virtual
power management:



Memory: 4k page, physical 1017052k(94688k free), swap 783356k(780384k free)

vm_info: OpenJDK 64-Bit Server VM (24.95-b01) for linux-amd64 JRE (1.7.0_95-b00), built on Mar 24 2016 06:13:32 by "buildd" with gcc 4.8.2

time: Thu May 19 14:47:51 2016
elapsed time: 0 seconds

